2025-04-02 17:08:59,408 INFO o.h.v.i.u.Version [background-preinit] HV000001: Hibernate Validator 8.0.1.Final
2025-04-02 17:08:59,437 INFO o.s.b.StartupInfoLogger [restartedMain] Starting DemoApplication using Java 21.0.2 with PID 50614 (/Users/benschwarz/Documents/GitHub/Game-Tracker/Game Tracker/demo/target/classes started by benschwarz in /Users/benschwarz/Documents/GitHub/Game-Tracker/Game Tracker/demo)
2025-04-02 17:08:59,437 DEBUG o.s.b.StartupInfoLogger [restartedMain] Running with Spring Boot v3.4.3, Spring v6.2.3
2025-04-02 17:08:59,438 INFO o.s.b.SpringApplication [restartedMain] No active profile set, falling back to 1 default profile: "default"
2025-04-02 17:08:59,462 INFO o.s.b.l.DeferredLog [restartedMain] Devtools property defaults active! Set 'spring.devtools.add-properties' to 'false' to disable
2025-04-02 17:08:59,462 INFO o.s.b.l.DeferredLog [restartedMain] For additional web related logging consider setting the 'logging.level.web' property to 'DEBUG'
2025-04-02 17:08:59,712 INFO o.s.d.r.c.RepositoryConfigurationDelegate [restartedMain] Bootstrapping Spring Data JPA repositories in DEFAULT mode.
2025-04-02 17:08:59,731 INFO o.s.d.r.c.RepositoryConfigurationDelegate [restartedMain] Finished Spring Data repository scanning in 14 ms. Found 2 JPA repository interfaces.
2025-04-02 17:09:00,098 INFO o.s.b.w.e.t.TomcatWebServer [restartedMain] Tomcat initialized with port 8080 (http)
2025-04-02 17:09:00,105 INFO o.a.j.l.DirectJDKLog [restartedMain] Initializing ProtocolHandler ["http-nio-8080"]
2025-04-02 17:09:00,106 INFO o.a.j.l.DirectJDKLog [restartedMain] Starting service [Tomcat]
2025-04-02 17:09:00,107 INFO o.a.j.l.DirectJDKLog [restartedMain] Starting Servlet engine: [Apache Tomcat/10.1.36]
2025-04-02 17:09:00,123 INFO o.a.j.l.DirectJDKLog [restartedMain] Initializing Spring embedded WebApplicationContext
2025-04-02 17:09:00,124 INFO o.s.b.w.s.c.ServletWebServerApplicationContext [restartedMain] Root WebApplicationContext: initialization completed in 661 ms
2025-04-02 17:09:00,191 INFO o.h.j.i.u.LogHelper [restartedMain] HHH000204: Processing PersistenceUnitInfo [name: default]
2025-04-02 17:09:00,215 INFO o.h.Version [restartedMain] HHH000412: Hibernate ORM core version 6.6.8.Final
2025-04-02 17:09:00,230 INFO o.h.c.i.RegionFactoryInitiator [restartedMain] HHH000026: Second-level cache disabled
2025-04-02 17:09:00,345 INFO o.s.o.j.p.SpringPersistenceUnitInfo [restartedMain] No LoadTimeWeaver setup: ignoring JPA class transformer
2025-04-02 17:09:00,358 INFO c.z.h.HikariDataSource [restartedMain] HikariPool-1 - Starting...
2025-04-02 17:09:00,440 INFO c.z.h.p.HikariPool [restartedMain] HikariPool-1 - Added connection conn0: url=jdbc:h2:mem:testdb user=SA
2025-04-02 17:09:00,441 INFO c.z.h.HikariDataSource [restartedMain] HikariPool-1 - Start completed.
2025-04-02 17:09:00,453 WARN o.h.e.j.d.i.DialectFactoryImpl [restartedMain] HHH90000025: H2Dialect does not need to be specified explicitly using 'hibernate.dialect' (remove the property setting and it will be selected by default)
2025-04-02 17:09:00,461 INFO o.h.e.j.e.i.JdbcEnvironmentInitiator [restartedMain] HHH10001005: Database info:
	Database JDBC URL [Connecting through datasource 'HikariDataSource (HikariPool-1)']
	Database driver: undefined/unknown
	Database version: 2.3.232
	Autocommit mode: undefined/unknown
	Isolation level: undefined/unknown
	Minimum pool size: undefined/unknown
	Maximum pool size: undefined/unknown
2025-04-02 17:09:00,845 INFO o.h.e.t.j.p.i.JtaPlatformInitiator [restartedMain] HHH000489: No JTA platform available (set 'hibernate.transaction.jta.platform' to enable JTA platform integration)
2025-04-02 17:09:00,870 INFO o.s.o.j.AbstractEntityManagerFactoryBean [restartedMain] Initialized JPA EntityManagerFactory for persistence unit 'default'
2025-04-02 17:09:01,062 WARN o.s.b.a.o.j.JpaBaseConfiguration$JpaWebConfiguration [restartedMain] spring.jpa.open-in-view is enabled by default. Therefore, database queries may be performed during view rendering. Explicitly configure spring.jpa.open-in-view to disable this warning
2025-04-02 17:09:01,070 WARN o.s.b.a.s.s.UserDetailsServiceAutoConfiguration [restartedMain] 

Using generated security password: 472ddf1b-1e35-46af-b0fb-85c8e0f95244

This generated password is for development use only. Your security configuration must be updated before running your application in production.

2025-04-02 17:09:01,084 INFO o.s.s.c.a.a.c.InitializeUserDetailsBeanManagerConfigurer$InitializeUserDetailsManagerConfigurer [restartedMain] Global AuthenticationManager configured with UserDetailsService bean with name inMemoryUserDetailsManager
2025-04-02 17:09:01,292 INFO o.s.b.a.h.H2ConsoleAutoConfiguration$H2ConsoleLogger [restartedMain] H2 console available at '/h2-console'. Database available at 'jdbc:h2:mem:testdb'
2025-04-02 17:09:01,325 INFO o.s.b.d.a.OptionalLiveReloadServer [restartedMain] LiveReload server is running on port 35729
2025-04-02 17:09:01,334 INFO o.a.j.l.DirectJDKLog [restartedMain] Starting ProtocolHandler ["http-nio-8080"]
2025-04-02 17:09:01,342 INFO o.s.b.w.e.t.TomcatWebServer [restartedMain] Tomcat started on port 8080 (http) with context path '/'
2025-04-02 17:09:01,347 INFO o.s.b.StartupInfoLogger [restartedMain] Started DemoApplication in 2.128 seconds (process running for 2.315)
2025-04-02 17:09:33,703 INFO o.a.j.l.DirectJDKLog [http-nio-8080-exec-1] Initializing Spring DispatcherServlet 'dispatcherServlet'
2025-04-02 17:09:33,704 INFO o.s.w.s.FrameworkServlet [http-nio-8080-exec-1] Initializing Servlet 'dispatcherServlet'
2025-04-02 17:09:33,707 INFO o.s.w.s.FrameworkServlet [http-nio-8080-exec-1] Completed initialization in 3 ms
2025-04-02 17:20:43,927 WARN o.s.w.s.h.AbstractHandlerExceptionResolver [http-nio-8080-exec-9] Resolved [org.springframework.web.servlet.resource.NoResourceFoundException: No static resource api/delete/%7Bid%7D.]
2025-04-02 17:20:43,927 WARN o.s.w.s.h.AbstractHandlerExceptionResolver [http-nio-8080-exec-10] Resolved [org.springframework.web.servlet.resource.NoResourceFoundException: No static resource api/delete/%7Bid%7D.]
2025-04-02 17:20:43,927 WARN o.s.w.s.h.AbstractHandlerExceptionResolver [http-nio-8080-exec-3] Resolved [org.springframework.web.servlet.resource.NoResourceFoundException: No static resource api/delete/%7Bid%7D.]
2025-04-02 17:20:43,927 WARN o.s.w.s.h.AbstractHandlerExceptionResolver [http-nio-8080-exec-2] Resolved [org.springframework.web.servlet.resource.NoResourceFoundException: No static resource api/delete/%7Bid%7D.]
2025-04-02 17:20:43,927 WARN o.s.w.s.h.AbstractHandlerExceptionResolver [http-nio-8080-exec-6] Resolved [org.springframework.web.servlet.resource.NoResourceFoundException: No static resource api/delete/%7Bid%7D.]
2025-04-02 17:20:43,927 WARN o.s.w.s.h.AbstractHandlerExceptionResolver [http-nio-8080-exec-1] Resolved [org.springframework.web.servlet.resource.NoResourceFoundException: No static resource api/delete/%7Bid%7D.]
2025-04-02 17:20:43,935 WARN o.s.w.s.h.AbstractHandlerExceptionResolver [http-nio-8080-exec-7] Resolved [org.springframework.web.servlet.resource.NoResourceFoundException: No static resource api/delete/%7Bid%7D.]
2025-04-02 17:20:43,935 WARN o.s.w.s.h.AbstractHandlerExceptionResolver [http-nio-8080-exec-4] Resolved [org.springframework.web.servlet.resource.NoResourceFoundException: No static resource api/delete/%7Bid%7D.]
2025-04-02 17:20:43,936 WARN o.s.w.s.h.AbstractHandlerExceptionResolver [http-nio-8080-exec-8] Resolved [org.springframework.web.servlet.resource.NoResourceFoundException: No static resource api/delete/%7Bid%7D.]
2025-04-02 17:20:43,935 WARN o.s.w.s.h.AbstractHandlerExceptionResolver [http-nio-8080-exec-5] Resolved [org.springframework.web.servlet.resource.NoResourceFoundException: No static resource api/delete/%7Bid%7D.]
2025-04-02 17:22:05,318 WARN o.s.w.s.h.AbstractHandlerExceptionResolver [http-nio-8080-exec-3] Resolved [org.springframework.web.servlet.resource.NoResourceFoundException: No static resource api/delete/%7Bid%7D.]
2025-04-02 17:22:05,317 WARN o.s.w.s.h.AbstractHandlerExceptionResolver [http-nio-8080-exec-2] Resolved [org.springframework.web.servlet.resource.NoResourceFoundException: No static resource api/delete/%7Bid%7D.]
2025-04-02 17:22:05,318 WARN o.s.w.s.h.AbstractHandlerExceptionResolver [http-nio-8080-exec-10] Resolved [org.springframework.web.servlet.resource.NoResourceFoundException: No static resource api/delete/%7Bid%7D.]
2025-04-02 17:22:05,318 WARN o.s.w.s.h.AbstractHandlerExceptionResolver [http-nio-8080-exec-9] Resolved [org.springframework.web.servlet.resource.NoResourceFoundException: No static resource api/delete/%7Bid%7D.]
2025-04-02 17:22:05,318 WARN o.s.w.s.h.AbstractHandlerExceptionResolver [http-nio-8080-exec-1] Resolved [org.springframework.web.servlet.resource.NoResourceFoundException: No static resource api/delete/%7Bid%7D.]
2025-04-02 17:22:05,318 WARN o.s.w.s.h.AbstractHandlerExceptionResolver [http-nio-8080-exec-6] Resolved [org.springframework.web.servlet.resource.NoResourceFoundException: No static resource api/delete/%7Bid%7D.]
2025-04-02 17:22:05,332 WARN o.s.w.s.h.AbstractHandlerExceptionResolver [http-nio-8080-exec-4] Resolved [org.springframework.web.servlet.resource.NoResourceFoundException: No static resource api/delete/%7Bid%7D.]
2025-04-02 17:22:05,332 WARN o.s.w.s.h.AbstractHandlerExceptionResolver [http-nio-8080-exec-5] Resolved [org.springframework.web.servlet.resource.NoResourceFoundException: No static resource api/delete/%7Bid%7D.]
2025-04-02 17:22:05,332 WARN o.s.w.s.h.AbstractHandlerExceptionResolver [http-nio-8080-exec-7] Resolved [org.springframework.web.servlet.resource.NoResourceFoundException: No static resource api/delete/%7Bid%7D.]
2025-04-02 17:22:05,332 WARN o.s.w.s.h.AbstractHandlerExceptionResolver [http-nio-8080-exec-8] Resolved [org.springframework.web.servlet.resource.NoResourceFoundException: No static resource api/delete/%7Bid%7D.]
2025-04-02 17:26:55,203 WARN o.s.w.s.h.AbstractHandlerExceptionResolver [http-nio-8080-exec-2] Resolved [org.springframework.web.servlet.resource.NoResourceFoundException: No static resource api/delete/%7Bid%7D.]
2025-04-02 17:30:02,449 WARN o.s.w.s.h.AbstractHandlerExceptionResolver [http-nio-8080-exec-3] Resolved [org.springframework.web.servlet.resource.NoResourceFoundException: No static resource api/delete/%7Bid%7D.]
2025-04-02 17:30:13,077 WARN o.s.w.s.h.AbstractHandlerExceptionResolver [http-nio-8080-exec-9] Resolved [org.springframework.web.servlet.resource.NoResourceFoundException: No static resource api/delete/%7Bid%7D.]
2025-04-02 17:30:59,132 INFO o.s.b.w.e.t.GracefulShutdown [SpringApplicationShutdownHook] Commencing graceful shutdown. Waiting for active requests to complete
2025-04-02 17:30:59,198 INFO o.s.b.w.e.t.GracefulShutdown [tomcat-shutdown] Graceful shutdown complete
2025-04-02 17:30:59,217 INFO o.s.o.j.AbstractEntityManagerFactoryBean [SpringApplicationShutdownHook] Closing JPA EntityManagerFactory for persistence unit 'default'
2025-04-02 17:30:59,269 WARN o.s.b.f.s.DisposableBeanAdapter [SpringApplicationShutdownHook] Invocation of destroy method failed on bean with name 'inMemoryDatabaseShutdownExecutor': org.h2.jdbc.JdbcSQLNonTransientConnectionException: Database is already closed (to disable automatic closing at VM shutdown, add ";DB_CLOSE_ON_EXIT=FALSE" to the db URL) [90121-232]
2025-04-02 17:30:59,270 INFO c.z.h.HikariDataSource [SpringApplicationShutdownHook] HikariPool-1 - Shutdown initiated...
2025-04-02 17:30:59,275 INFO c.z.h.HikariDataSource [SpringApplicationShutdownHook] HikariPool-1 - Shutdown completed.
2025-04-02 17:31:04,269 INFO o.h.v.i.u.Version [background-preinit] HV000001: Hibernate Validator 8.0.1.Final
2025-04-02 17:31:04,299 INFO o.s.b.StartupInfoLogger [restartedMain] Starting DemoApplication using Java 21.0.2 with PID 52176 (/Users/benschwarz/Documents/GitHub/Game-Tracker/Game Tracker/demo/target/classes started by benschwarz in /Users/benschwarz/Documents/GitHub/Game-Tracker/Game Tracker/demo)
2025-04-02 17:31:04,299 DEBUG o.s.b.StartupInfoLogger [restartedMain] Running with Spring Boot v3.4.3, Spring v6.2.3
2025-04-02 17:31:04,300 INFO o.s.b.SpringApplication [restartedMain] No active profile set, falling back to 1 default profile: "default"
2025-04-02 17:31:04,324 INFO o.s.b.l.DeferredLog [restartedMain] Devtools property defaults active! Set 'spring.devtools.add-properties' to 'false' to disable
2025-04-02 17:31:04,324 INFO o.s.b.l.DeferredLog [restartedMain] For additional web related logging consider setting the 'logging.level.web' property to 'DEBUG'
2025-04-02 17:31:04,571 INFO o.s.d.r.c.RepositoryConfigurationDelegate [restartedMain] Bootstrapping Spring Data JPA repositories in DEFAULT mode.
2025-04-02 17:31:04,591 INFO o.s.d.r.c.RepositoryConfigurationDelegate [restartedMain] Finished Spring Data repository scanning in 15 ms. Found 2 JPA repository interfaces.
2025-04-02 17:31:04,957 INFO o.s.b.w.e.t.TomcatWebServer [restartedMain] Tomcat initialized with port 8080 (http)
2025-04-02 17:31:04,966 INFO o.a.j.l.DirectJDKLog [restartedMain] Initializing ProtocolHandler ["http-nio-8080"]
2025-04-02 17:31:04,967 INFO o.a.j.l.DirectJDKLog [restartedMain] Starting service [Tomcat]
2025-04-02 17:31:04,967 INFO o.a.j.l.DirectJDKLog [restartedMain] Starting Servlet engine: [Apache Tomcat/10.1.36]
2025-04-02 17:31:04,985 INFO o.a.j.l.DirectJDKLog [restartedMain] Initializing Spring embedded WebApplicationContext
2025-04-02 17:31:04,985 INFO o.s.b.w.s.c.ServletWebServerApplicationContext [restartedMain] Root WebApplicationContext: initialization completed in 660 ms
2025-04-02 17:31:05,052 INFO o.h.j.i.u.LogHelper [restartedMain] HHH000204: Processing PersistenceUnitInfo [name: default]
2025-04-02 17:31:05,077 INFO o.h.Version [restartedMain] HHH000412: Hibernate ORM core version 6.6.8.Final
2025-04-02 17:31:05,092 INFO o.h.c.i.RegionFactoryInitiator [restartedMain] HHH000026: Second-level cache disabled
2025-04-02 17:31:05,208 INFO o.s.o.j.p.SpringPersistenceUnitInfo [restartedMain] No LoadTimeWeaver setup: ignoring JPA class transformer
2025-04-02 17:31:05,220 INFO c.z.h.HikariDataSource [restartedMain] HikariPool-1 - Starting...
2025-04-02 17:31:05,305 INFO c.z.h.p.HikariPool [restartedMain] HikariPool-1 - Added connection conn0: url=jdbc:h2:mem:testdb user=SA
2025-04-02 17:31:05,306 INFO c.z.h.HikariDataSource [restartedMain] HikariPool-1 - Start completed.
2025-04-02 17:31:05,318 WARN o.h.e.j.d.i.DialectFactoryImpl [restartedMain] HHH90000025: H2Dialect does not need to be specified explicitly using 'hibernate.dialect' (remove the property setting and it will be selected by default)
2025-04-02 17:31:05,326 INFO o.h.e.j.e.i.JdbcEnvironmentInitiator [restartedMain] HHH10001005: Database info:
	Database JDBC URL [Connecting through datasource 'HikariDataSource (HikariPool-1)']
	Database driver: undefined/unknown
	Database version: 2.3.232
	Autocommit mode: undefined/unknown
	Isolation level: undefined/unknown
	Minimum pool size: undefined/unknown
	Maximum pool size: undefined/unknown
2025-04-02 17:31:05,718 INFO o.h.e.t.j.p.i.JtaPlatformInitiator [restartedMain] HHH000489: No JTA platform available (set 'hibernate.transaction.jta.platform' to enable JTA platform integration)
2025-04-02 17:31:05,745 INFO o.s.o.j.AbstractEntityManagerFactoryBean [restartedMain] Initialized JPA EntityManagerFactory for persistence unit 'default'
2025-04-02 17:31:05,936 WARN o.s.b.a.o.j.JpaBaseConfiguration$JpaWebConfiguration [restartedMain] spring.jpa.open-in-view is enabled by default. Therefore, database queries may be performed during view rendering. Explicitly configure spring.jpa.open-in-view to disable this warning
2025-04-02 17:31:05,944 WARN o.s.b.a.s.s.UserDetailsServiceAutoConfiguration [restartedMain] 

Using generated security password: 5d42b8a2-adfb-45b4-8906-e428b6f9336e

This generated password is for development use only. Your security configuration must be updated before running your application in production.

2025-04-02 17:31:05,957 INFO o.s.s.c.a.a.c.InitializeUserDetailsBeanManagerConfigurer$InitializeUserDetailsManagerConfigurer [restartedMain] Global AuthenticationManager configured with UserDetailsService bean with name inMemoryUserDetailsManager
2025-04-02 17:31:06,167 INFO o.s.b.a.h.H2ConsoleAutoConfiguration$H2ConsoleLogger [restartedMain] H2 console available at '/h2-console'. Database available at 'jdbc:h2:mem:testdb'
2025-04-02 17:31:06,198 INFO o.s.b.d.a.OptionalLiveReloadServer [restartedMain] LiveReload server is running on port 35729
2025-04-02 17:31:06,206 INFO o.a.j.l.DirectJDKLog [restartedMain] Starting ProtocolHandler ["http-nio-8080"]
2025-04-02 17:31:06,213 INFO o.s.b.w.e.t.TomcatWebServer [restartedMain] Tomcat started on port 8080 (http) with context path '/'
2025-04-02 17:31:06,219 INFO o.s.b.StartupInfoLogger [restartedMain] Started DemoApplication in 2.145 seconds (process running for 2.341)
2025-04-02 17:31:13,030 INFO o.a.j.l.DirectJDKLog [http-nio-8080-exec-1] Initializing Spring DispatcherServlet 'dispatcherServlet'
2025-04-02 17:31:13,031 INFO o.s.w.s.FrameworkServlet [http-nio-8080-exec-1] Initializing Servlet 'dispatcherServlet'
2025-04-02 17:31:13,041 INFO o.s.w.s.FrameworkServlet [http-nio-8080-exec-1] Completed initialization in 10 ms
2025-04-02 17:31:58,656 WARN o.s.w.s.h.AbstractHandlerExceptionResolver [http-nio-8080-exec-7] Resolved [org.springframework.web.servlet.resource.NoResourceFoundException: No static resource api/delete/%7Bid%7D.]
2025-04-02 17:32:55,361 WARN o.s.w.s.h.AbstractHandlerExceptionResolver [http-nio-8080-exec-8] Resolved [org.springframework.web.servlet.resource.NoResourceFoundException: No static resource api/delete/1.]
2025-04-02 17:34:48,910 INFO o.s.b.w.e.t.GracefulShutdown [SpringApplicationShutdownHook] Commencing graceful shutdown. Waiting for active requests to complete
2025-04-02 17:34:48,944 INFO o.s.b.w.e.t.GracefulShutdown [tomcat-shutdown] Graceful shutdown complete
2025-04-02 17:34:48,956 INFO o.s.o.j.AbstractEntityManagerFactoryBean [SpringApplicationShutdownHook] Closing JPA EntityManagerFactory for persistence unit 'default'
2025-04-02 17:34:48,987 WARN o.s.b.f.s.DisposableBeanAdapter [SpringApplicationShutdownHook] Invocation of destroy method failed on bean with name 'inMemoryDatabaseShutdownExecutor': org.h2.jdbc.JdbcSQLNonTransientConnectionException: Database is already closed (to disable automatic closing at VM shutdown, add ";DB_CLOSE_ON_EXIT=FALSE" to the db URL) [90121-232]
2025-04-02 17:34:48,987 INFO c.z.h.HikariDataSource [SpringApplicationShutdownHook] HikariPool-1 - Shutdown initiated...
2025-04-02 17:34:48,991 INFO c.z.h.HikariDataSource [SpringApplicationShutdownHook] HikariPool-1 - Shutdown completed.
2025-04-02 17:34:57,507 INFO o.h.v.i.u.Version [background-preinit] HV000001: Hibernate Validator 8.0.1.Final
2025-04-02 17:34:57,536 INFO o.s.b.StartupInfoLogger [restartedMain] Starting DemoApplication using Java 21.0.2 with PID 52729 (/Users/benschwarz/Documents/GitHub/Game-Tracker/Game Tracker/demo/target/classes started by benschwarz in /Users/benschwarz/Documents/GitHub/Game-Tracker/Game Tracker/demo)
2025-04-02 17:34:57,536 DEBUG o.s.b.StartupInfoLogger [restartedMain] Running with Spring Boot v3.4.3, Spring v6.2.3
2025-04-02 17:34:57,536 INFO o.s.b.SpringApplication [restartedMain] No active profile set, falling back to 1 default profile: "default"
2025-04-02 17:34:57,562 INFO o.s.b.l.DeferredLog [restartedMain] Devtools property defaults active! Set 'spring.devtools.add-properties' to 'false' to disable
2025-04-02 17:34:57,562 INFO o.s.b.l.DeferredLog [restartedMain] For additional web related logging consider setting the 'logging.level.web' property to 'DEBUG'
2025-04-02 17:34:57,818 INFO o.s.d.r.c.RepositoryConfigurationDelegate [restartedMain] Bootstrapping Spring Data JPA repositories in DEFAULT mode.
2025-04-02 17:34:57,837 INFO o.s.d.r.c.RepositoryConfigurationDelegate [restartedMain] Finished Spring Data repository scanning in 15 ms. Found 2 JPA repository interfaces.
2025-04-02 17:34:58,253 INFO o.s.b.w.e.t.TomcatWebServer [restartedMain] Tomcat initialized with port 8080 (http)
2025-04-02 17:34:58,260 INFO o.a.j.l.DirectJDKLog [restartedMain] Initializing ProtocolHandler ["http-nio-8080"]
2025-04-02 17:34:58,261 INFO o.a.j.l.DirectJDKLog [restartedMain] Starting service [Tomcat]
2025-04-02 17:34:58,261 INFO o.a.j.l.DirectJDKLog [restartedMain] Starting Servlet engine: [Apache Tomcat/10.1.36]
2025-04-02 17:34:58,280 INFO o.a.j.l.DirectJDKLog [restartedMain] Initializing Spring embedded WebApplicationContext
2025-04-02 17:34:58,281 INFO o.s.b.w.s.c.ServletWebServerApplicationContext [restartedMain] Root WebApplicationContext: initialization completed in 717 ms
2025-04-02 17:34:58,357 INFO o.h.j.i.u.LogHelper [restartedMain] HHH000204: Processing PersistenceUnitInfo [name: default]
2025-04-02 17:34:58,383 INFO o.h.Version [restartedMain] HHH000412: Hibernate ORM core version 6.6.8.Final
2025-04-02 17:34:58,399 INFO o.h.c.i.RegionFactoryInitiator [restartedMain] HHH000026: Second-level cache disabled
2025-04-02 17:34:58,520 INFO o.s.o.j.p.SpringPersistenceUnitInfo [restartedMain] No LoadTimeWeaver setup: ignoring JPA class transformer
2025-04-02 17:34:58,534 INFO c.z.h.HikariDataSource [restartedMain] HikariPool-1 - Starting...
2025-04-02 17:34:58,617 INFO c.z.h.p.HikariPool [restartedMain] HikariPool-1 - Added connection conn0: url=jdbc:h2:mem:testdb user=SA
2025-04-02 17:34:58,618 INFO c.z.h.HikariDataSource [restartedMain] HikariPool-1 - Start completed.
2025-04-02 17:34:58,630 WARN o.h.e.j.d.i.DialectFactoryImpl [restartedMain] HHH90000025: H2Dialect does not need to be specified explicitly using 'hibernate.dialect' (remove the property setting and it will be selected by default)
2025-04-02 17:34:58,640 INFO o.h.e.j.e.i.JdbcEnvironmentInitiator [restartedMain] HHH10001005: Database info:
	Database JDBC URL [Connecting through datasource 'HikariDataSource (HikariPool-1)']
	Database driver: undefined/unknown
	Database version: 2.3.232
	Autocommit mode: undefined/unknown
	Isolation level: undefined/unknown
	Minimum pool size: undefined/unknown
	Maximum pool size: undefined/unknown
2025-04-02 17:34:59,055 INFO o.h.e.t.j.p.i.JtaPlatformInitiator [restartedMain] HHH000489: No JTA platform available (set 'hibernate.transaction.jta.platform' to enable JTA platform integration)
2025-04-02 17:34:59,080 INFO o.s.o.j.AbstractEntityManagerFactoryBean [restartedMain] Initialized JPA EntityManagerFactory for persistence unit 'default'
2025-04-02 17:34:59,276 WARN o.s.b.a.o.j.JpaBaseConfiguration$JpaWebConfiguration [restartedMain] spring.jpa.open-in-view is enabled by default. Therefore, database queries may be performed during view rendering. Explicitly configure spring.jpa.open-in-view to disable this warning
2025-04-02 17:34:59,285 WARN o.s.b.a.s.s.UserDetailsServiceAutoConfiguration [restartedMain] 

Using generated security password: 05c5ec38-eaf4-43dc-ad60-70c42117ff42

This generated password is for development use only. Your security configuration must be updated before running your application in production.

2025-04-02 17:34:59,299 INFO o.s.s.c.a.a.c.InitializeUserDetailsBeanManagerConfigurer$InitializeUserDetailsManagerConfigurer [restartedMain] Global AuthenticationManager configured with UserDetailsService bean with name inMemoryUserDetailsManager
2025-04-02 17:34:59,558 INFO o.s.b.a.h.H2ConsoleAutoConfiguration$H2ConsoleLogger [restartedMain] H2 console available at '/h2-console'. Database available at 'jdbc:h2:mem:testdb'
2025-04-02 17:34:59,589 INFO o.s.b.d.a.OptionalLiveReloadServer [restartedMain] LiveReload server is running on port 35729
2025-04-02 17:34:59,598 INFO o.a.j.l.DirectJDKLog [restartedMain] Starting ProtocolHandler ["http-nio-8080"]
2025-04-02 17:34:59,606 INFO o.s.b.w.e.t.TomcatWebServer [restartedMain] Tomcat started on port 8080 (http) with context path '/'
2025-04-02 17:34:59,613 INFO o.s.b.StartupInfoLogger [restartedMain] Started DemoApplication in 2.466 seconds (process running for 2.66)
2025-04-02 17:35:02,171 INFO o.a.j.l.DirectJDKLog [http-nio-8080-exec-1] Initializing Spring DispatcherServlet 'dispatcherServlet'
2025-04-02 17:35:02,174 INFO o.s.w.s.FrameworkServlet [http-nio-8080-exec-1] Initializing Servlet 'dispatcherServlet'
2025-04-02 17:35:02,180 INFO o.s.w.s.FrameworkServlet [http-nio-8080-exec-1] Completed initialization in 6 ms
2025-04-02 17:35:09,501 WARN o.s.w.s.h.AbstractHandlerExceptionResolver [http-nio-8080-exec-3] Resolved [org.springframework.web.servlet.resource.NoResourceFoundException: No static resource api/delete/1.]
2025-04-02 17:35:30,431 INFO o.s.b.w.e.t.GracefulShutdown [SpringApplicationShutdownHook] Commencing graceful shutdown. Waiting for active requests to complete
2025-04-02 17:35:30,458 INFO o.s.b.w.e.t.GracefulShutdown [tomcat-shutdown] Graceful shutdown complete
2025-04-02 17:35:30,463 INFO o.s.o.j.AbstractEntityManagerFactoryBean [SpringApplicationShutdownHook] Closing JPA EntityManagerFactory for persistence unit 'default'
2025-04-02 17:35:30,479 WARN o.s.b.f.s.DisposableBeanAdapter [SpringApplicationShutdownHook] Invocation of destroy method failed on bean with name 'inMemoryDatabaseShutdownExecutor': org.h2.jdbc.JdbcSQLNonTransientConnectionException: Database is already closed (to disable automatic closing at VM shutdown, add ";DB_CLOSE_ON_EXIT=FALSE" to the db URL) [90121-232]
2025-04-02 17:35:30,480 INFO c.z.h.HikariDataSource [SpringApplicationShutdownHook] HikariPool-1 - Shutdown initiated...
2025-04-02 17:35:30,481 INFO c.z.h.HikariDataSource [SpringApplicationShutdownHook] HikariPool-1 - Shutdown completed.
2025-04-02 17:35:37,531 INFO o.h.v.i.u.Version [background-preinit] HV000001: Hibernate Validator 8.0.1.Final
2025-04-02 17:35:37,565 INFO o.s.b.StartupInfoLogger [restartedMain] Starting DemoApplication using Java 21.0.2 with PID 52876 (/Users/benschwarz/Documents/GitHub/Game-Tracker/Game Tracker/demo/target/classes started by benschwarz in /Users/benschwarz/Documents/GitHub/Game-Tracker/Game Tracker/demo)
2025-04-02 17:35:37,566 DEBUG o.s.b.StartupInfoLogger [restartedMain] Running with Spring Boot v3.4.3, Spring v6.2.3
2025-04-02 17:35:37,567 INFO o.s.b.SpringApplication [restartedMain] No active profile set, falling back to 1 default profile: "default"
2025-04-02 17:35:37,593 INFO o.s.b.l.DeferredLog [restartedMain] Devtools property defaults active! Set 'spring.devtools.add-properties' to 'false' to disable
2025-04-02 17:35:37,593 INFO o.s.b.l.DeferredLog [restartedMain] For additional web related logging consider setting the 'logging.level.web' property to 'DEBUG'
2025-04-02 17:35:37,898 INFO o.s.d.r.c.RepositoryConfigurationDelegate [restartedMain] Bootstrapping Spring Data JPA repositories in DEFAULT mode.
2025-04-02 17:35:37,942 INFO o.s.d.r.c.RepositoryConfigurationDelegate [restartedMain] Finished Spring Data repository scanning in 36 ms. Found 2 JPA repository interfaces.
2025-04-02 17:35:38,576 INFO o.s.b.w.e.t.TomcatWebServer [restartedMain] Tomcat initialized with port 8080 (http)
2025-04-02 17:35:38,583 INFO o.a.j.l.DirectJDKLog [restartedMain] Initializing ProtocolHandler ["http-nio-8080"]
2025-04-02 17:35:38,584 INFO o.a.j.l.DirectJDKLog [restartedMain] Starting service [Tomcat]
2025-04-02 17:35:38,584 INFO o.a.j.l.DirectJDKLog [restartedMain] Starting Servlet engine: [Apache Tomcat/10.1.36]
2025-04-02 17:35:38,604 INFO o.a.j.l.DirectJDKLog [restartedMain] Initializing Spring embedded WebApplicationContext
2025-04-02 17:35:38,604 INFO o.s.b.w.s.c.ServletWebServerApplicationContext [restartedMain] Root WebApplicationContext: initialization completed in 1011 ms
2025-04-02 17:35:38,674 INFO o.h.j.i.u.LogHelper [restartedMain] HHH000204: Processing PersistenceUnitInfo [name: default]
2025-04-02 17:35:38,697 INFO o.h.Version [restartedMain] HHH000412: Hibernate ORM core version 6.6.8.Final
2025-04-02 17:35:38,711 INFO o.h.c.i.RegionFactoryInitiator [restartedMain] HHH000026: Second-level cache disabled
2025-04-02 17:35:38,820 INFO o.s.o.j.p.SpringPersistenceUnitInfo [restartedMain] No LoadTimeWeaver setup: ignoring JPA class transformer
2025-04-02 17:35:38,831 INFO c.z.h.HikariDataSource [restartedMain] HikariPool-1 - Starting...
2025-04-02 17:35:38,909 INFO c.z.h.p.HikariPool [restartedMain] HikariPool-1 - Added connection conn0: url=jdbc:h2:mem:testdb user=SA
2025-04-02 17:35:38,910 INFO c.z.h.HikariDataSource [restartedMain] HikariPool-1 - Start completed.
2025-04-02 17:35:38,921 WARN o.h.e.j.d.i.DialectFactoryImpl [restartedMain] HHH90000025: H2Dialect does not need to be specified explicitly using 'hibernate.dialect' (remove the property setting and it will be selected by default)
2025-04-02 17:35:38,929 INFO o.h.e.j.e.i.JdbcEnvironmentInitiator [restartedMain] HHH10001005: Database info:
	Database JDBC URL [Connecting through datasource 'HikariDataSource (HikariPool-1)']
	Database driver: undefined/unknown
	Database version: 2.3.232
	Autocommit mode: undefined/unknown
	Isolation level: undefined/unknown
	Minimum pool size: undefined/unknown
	Maximum pool size: undefined/unknown
2025-04-02 17:35:39,399 INFO o.h.e.t.j.p.i.JtaPlatformInitiator [restartedMain] HHH000489: No JTA platform available (set 'hibernate.transaction.jta.platform' to enable JTA platform integration)
2025-04-02 17:35:39,426 INFO o.s.o.j.AbstractEntityManagerFactoryBean [restartedMain] Initialized JPA EntityManagerFactory for persistence unit 'default'
2025-04-02 17:35:39,664 WARN o.s.b.a.o.j.JpaBaseConfiguration$JpaWebConfiguration [restartedMain] spring.jpa.open-in-view is enabled by default. Therefore, database queries may be performed during view rendering. Explicitly configure spring.jpa.open-in-view to disable this warning
2025-04-02 17:35:39,675 WARN o.s.b.a.s.s.UserDetailsServiceAutoConfiguration [restartedMain] 

Using generated security password: 940bc204-c2f1-4134-8756-01bb3c5780a7

This generated password is for development use only. Your security configuration must be updated before running your application in production.

2025-04-02 17:35:39,691 INFO o.s.s.c.a.a.c.InitializeUserDetailsBeanManagerConfigurer$InitializeUserDetailsManagerConfigurer [restartedMain] Global AuthenticationManager configured with UserDetailsService bean with name inMemoryUserDetailsManager
2025-04-02 17:35:39,922 INFO o.s.b.a.h.H2ConsoleAutoConfiguration$H2ConsoleLogger [restartedMain] H2 console available at '/h2-console'. Database available at 'jdbc:h2:mem:testdb'
2025-04-02 17:35:39,951 INFO o.s.b.d.a.OptionalLiveReloadServer [restartedMain] LiveReload server is running on port 35729
2025-04-02 17:35:39,960 INFO o.a.j.l.DirectJDKLog [restartedMain] Starting ProtocolHandler ["http-nio-8080"]
2025-04-02 17:35:39,967 INFO o.s.b.w.e.t.TomcatWebServer [restartedMain] Tomcat started on port 8080 (http) with context path '/'
2025-04-02 17:35:39,972 INFO o.s.b.StartupInfoLogger [restartedMain] Started DemoApplication in 2.617 seconds (process running for 2.788)
2025-04-02 17:36:04,832 INFO o.a.j.l.DirectJDKLog [http-nio-8080-exec-1] Initializing Spring DispatcherServlet 'dispatcherServlet'
2025-04-02 17:36:04,832 INFO o.s.w.s.FrameworkServlet [http-nio-8080-exec-1] Initializing Servlet 'dispatcherServlet'
2025-04-02 17:36:04,839 INFO o.s.w.s.FrameworkServlet [http-nio-8080-exec-1] Completed initialization in 6 ms
2025-04-02 17:36:09,264 WARN o.s.w.s.h.AbstractHandlerExceptionResolver [http-nio-8080-exec-3] Resolved [org.springframework.web.servlet.resource.NoResourceFoundException: No static resource api/delete/1.]
2025-04-02 17:38:33,526 WARN o.s.w.s.h.AbstractHandlerExceptionResolver [http-nio-8080-exec-2] Resolved [org.springframework.web.servlet.resource.NoResourceFoundException: No static resource api/uers/1.]
2025-04-02 17:44:56,732 WARN c.z.h.p.HikariPool$HouseKeeper [HikariPool-1 housekeeper] HikariPool-1 - Thread starvation or clock leap detected (housekeeper delta=3m47s635ms).
2025-04-02 17:50:20,046 WARN c.z.h.p.HikariPool$HouseKeeper [HikariPool-1 housekeeper] HikariPool-1 - Thread starvation or clock leap detected (housekeeper delta=5m23s337ms).
2025-04-02 17:53:09,724 WARN c.z.h.p.HikariPool$HouseKeeper [HikariPool-1 housekeeper] HikariPool-1 - Thread starvation or clock leap detected (housekeeper delta=2m49s682ms).
2025-04-02 17:54:52,976 WARN c.z.h.p.HikariPool$HouseKeeper [HikariPool-1 housekeeper] HikariPool-1 - Thread starvation or clock leap detected (housekeeper delta=1m43s252ms).
2025-04-02 17:56:41,452 WARN c.z.h.p.HikariPool$HouseKeeper [HikariPool-1 housekeeper] HikariPool-1 - Thread starvation or clock leap detected (housekeeper delta=1m48s476ms).
2025-04-02 17:58:34,789 WARN c.z.h.p.HikariPool$HouseKeeper [HikariPool-1 housekeeper] HikariPool-1 - Thread starvation or clock leap detected (housekeeper delta=1m53s338ms).
2025-04-02 18:01:39,649 WARN c.z.h.p.HikariPool$HouseKeeper [HikariPool-1 housekeeper] HikariPool-1 - Thread starvation or clock leap detected (housekeeper delta=3m4s860ms).
2025-04-02 18:07:03,818 WARN c.z.h.p.HikariPool$HouseKeeper [HikariPool-1 housekeeper] HikariPool-1 - Thread starvation or clock leap detected (housekeeper delta=54s127ms).
2025-04-02 18:12:57,445 WARN c.z.h.p.HikariPool$HouseKeeper [HikariPool-1 housekeeper] HikariPool-1 - Thread starvation or clock leap detected (housekeeper delta=5m53s631ms).
2025-04-02 18:29:19,938 WARN c.z.h.p.HikariPool$HouseKeeper [HikariPool-1 housekeeper] HikariPool-1 - Thread starvation or clock leap detected (housekeeper delta=16m22s494ms).
2025-04-02 18:31:29,123 INFO o.s.b.w.e.t.GracefulShutdown [SpringApplicationShutdownHook] Commencing graceful shutdown. Waiting for active requests to complete
2025-04-02 18:31:29,196 INFO o.s.b.w.e.t.GracefulShutdown [tomcat-shutdown] Graceful shutdown complete
2025-04-02 18:31:29,216 INFO o.s.o.j.AbstractEntityManagerFactoryBean [SpringApplicationShutdownHook] Closing JPA EntityManagerFactory for persistence unit 'default'
2025-04-02 18:31:29,273 WARN o.s.b.f.s.DisposableBeanAdapter [SpringApplicationShutdownHook] Invocation of destroy method failed on bean with name 'inMemoryDatabaseShutdownExecutor': org.h2.jdbc.JdbcSQLNonTransientConnectionException: Database is already closed (to disable automatic closing at VM shutdown, add ";DB_CLOSE_ON_EXIT=FALSE" to the db URL) [90121-232]
2025-04-02 18:31:29,274 INFO c.z.h.HikariDataSource [SpringApplicationShutdownHook] HikariPool-1 - Shutdown initiated...
2025-04-02 18:31:29,278 INFO c.z.h.HikariDataSource [SpringApplicationShutdownHook] HikariPool-1 - Shutdown completed.
