2025-04-01 13:07:13,809 INFO o.h.v.i.u.Version [background-preinit] HV000001: Hibernate Validator 8.0.1.Final
2025-04-01 13:07:13,838 INFO o.s.b.StartupInfoLogger [restartedMain] Starting DemoApplication using Java 21.0.2 with PID 28648 (/Users/benschwarz/Documents/GitHub/Game-Tracker/Game Tracker/demo/target/classes started by benschwarz in /Users/benschwarz/Documents/GitHub/Game-Tracker/Game Tracker/demo)
2025-04-01 13:07:13,838 DEBUG o.s.b.StartupInfoLogger [restartedMain] Running with Spring Boot v3.4.3, Spring v6.2.3
2025-04-01 13:07:13,839 INFO o.s.b.SpringApplication [restartedMain] No active profile set, falling back to 1 default profile: "default"
2025-04-01 13:07:13,862 INFO o.s.b.l.DeferredLog [restartedMain] Devtools property defaults active! Set 'spring.devtools.add-properties' to 'false' to disable
2025-04-01 13:07:13,862 INFO o.s.b.l.DeferredLog [restartedMain] For additional web related logging consider setting the 'logging.level.web' property to 'DEBUG'
2025-04-01 13:07:14,109 INFO o.s.d.r.c.RepositoryConfigurationDelegate [restartedMain] Bootstrapping Spring Data JPA repositories in DEFAULT mode.
2025-04-01 13:07:14,129 INFO o.s.d.r.c.RepositoryConfigurationDelegate [restartedMain] Finished Spring Data repository scanning in 15 ms. Found 2 JPA repository interfaces.
2025-04-01 13:07:14,492 INFO o.s.b.w.e.t.TomcatWebServer [restartedMain] Tomcat initialized with port 8080 (http)
2025-04-01 13:07:14,499 INFO o.a.j.l.DirectJDKLog [restartedMain] Initializing ProtocolHandler ["http-nio-8080"]
2025-04-01 13:07:14,500 INFO o.a.j.l.DirectJDKLog [restartedMain] Starting service [Tomcat]
2025-04-01 13:07:14,500 INFO o.a.j.l.DirectJDKLog [restartedMain] Starting Servlet engine: [Apache Tomcat/10.1.36]
2025-04-01 13:07:14,517 INFO o.a.j.l.DirectJDKLog [restartedMain] Initializing Spring embedded WebApplicationContext
2025-04-01 13:07:14,517 INFO o.s.b.w.s.c.ServletWebServerApplicationContext [restartedMain] Root WebApplicationContext: initialization completed in 655 ms
2025-04-01 13:07:14,584 INFO o.h.j.i.u.LogHelper [restartedMain] HHH000204: Processing PersistenceUnitInfo [name: default]
2025-04-01 13:07:14,611 INFO o.h.Version [restartedMain] HHH000412: Hibernate ORM core version 6.6.8.Final
2025-04-01 13:07:14,625 INFO o.h.c.i.RegionFactoryInitiator [restartedMain] HHH000026: Second-level cache disabled
2025-04-01 13:07:14,739 INFO o.s.o.j.p.SpringPersistenceUnitInfo [restartedMain] No LoadTimeWeaver setup: ignoring JPA class transformer
2025-04-01 13:07:14,752 INFO c.z.h.HikariDataSource [restartedMain] HikariPool-1 - Starting...
2025-04-01 13:07:14,832 INFO c.z.h.p.HikariPool [restartedMain] HikariPool-1 - Added connection conn0: url=jdbc:h2:mem:testdb user=SA
2025-04-01 13:07:14,833 INFO c.z.h.HikariDataSource [restartedMain] HikariPool-1 - Start completed.
2025-04-01 13:07:14,845 WARN o.h.e.j.d.i.DialectFactoryImpl [restartedMain] HHH90000025: H2Dialect does not need to be specified explicitly using 'hibernate.dialect' (remove the property setting and it will be selected by default)
2025-04-01 13:07:14,853 INFO o.h.e.j.e.i.JdbcEnvironmentInitiator [restartedMain] HHH10001005: Database info:
	Database JDBC URL [Connecting through datasource 'HikariDataSource (HikariPool-1)']
	Database driver: undefined/unknown
	Database version: 2.3.232
	Autocommit mode: undefined/unknown
	Isolation level: undefined/unknown
	Minimum pool size: undefined/unknown
	Maximum pool size: undefined/unknown
2025-04-01 13:07:15,231 INFO o.h.e.t.j.p.i.JtaPlatformInitiator [restartedMain] HHH000489: No JTA platform available (set 'hibernate.transaction.jta.platform' to enable JTA platform integration)
2025-04-01 13:07:15,256 INFO o.s.o.j.AbstractEntityManagerFactoryBean [restartedMain] Initialized JPA EntityManagerFactory for persistence unit 'default'
2025-04-01 13:07:15,449 WARN o.s.b.a.o.j.JpaBaseConfiguration$JpaWebConfiguration [restartedMain] spring.jpa.open-in-view is enabled by default. Therefore, database queries may be performed during view rendering. Explicitly configure spring.jpa.open-in-view to disable this warning
2025-04-01 13:07:15,461 WARN o.s.b.a.s.s.UserDetailsServiceAutoConfiguration [restartedMain] 

Using generated security password: e85a8d95-e1e6-4eb5-903a-a3b48ca0df90

This generated password is for development use only. Your security configuration must be updated before running your application in production.

2025-04-01 13:07:15,482 INFO o.s.s.c.a.a.c.InitializeUserDetailsBeanManagerConfigurer$InitializeUserDetailsManagerConfigurer [restartedMain] Global AuthenticationManager configured with UserDetailsService bean with name inMemoryUserDetailsManager
2025-04-01 13:07:15,694 INFO o.s.b.a.h.H2ConsoleAutoConfiguration$H2ConsoleLogger [restartedMain] H2 console available at '/h2-console'. Database available at 'jdbc:h2:mem:testdb'
2025-04-01 13:07:15,729 INFO o.s.b.d.a.OptionalLiveReloadServer [restartedMain] LiveReload server is running on port 35729
2025-04-01 13:07:15,738 INFO o.a.j.l.DirectJDKLog [restartedMain] Starting ProtocolHandler ["http-nio-8080"]
2025-04-01 13:07:15,746 INFO o.s.b.w.e.t.TomcatWebServer [restartedMain] Tomcat started on port 8080 (http) with context path '/'
2025-04-01 13:07:15,751 INFO o.s.b.StartupInfoLogger [restartedMain] Started DemoApplication in 2.13 seconds (process running for 2.317)
2025-04-01 13:07:19,958 INFO o.a.j.l.DirectJDKLog [http-nio-8080-exec-5] Initializing Spring DispatcherServlet 'dispatcherServlet'
2025-04-01 13:07:19,959 INFO o.s.w.s.FrameworkServlet [http-nio-8080-exec-5] Initializing Servlet 'dispatcherServlet'
2025-04-01 13:07:19,975 INFO o.s.w.s.FrameworkServlet [http-nio-8080-exec-5] Completed initialization in 16 ms
2025-04-01 13:21:00,086 WARN c.z.h.p.HikariPool$HouseKeeper [HikariPool-1 housekeeper] HikariPool-1 - Thread starvation or clock leap detected (housekeeper delta=3m45s44ms).
2025-04-01 13:23:52,789 WARN c.z.h.p.HikariPool$HouseKeeper [HikariPool-1 housekeeper] HikariPool-1 - Thread starvation or clock leap detected (housekeeper delta=2m52s715ms).
2025-04-01 13:49:06,409 WARN c.z.h.p.HikariPool$HouseKeeper [HikariPool-1 housekeeper] HikariPool-1 - Thread starvation or clock leap detected (housekeeper delta=25m13s621ms).
2025-04-01 13:59:19,345 INFO o.s.b.w.e.t.GracefulShutdown [SpringApplicationShutdownHook] Commencing graceful shutdown. Waiting for active requests to complete
2025-04-01 13:59:19,373 INFO o.s.b.w.e.t.GracefulShutdown [tomcat-shutdown] Graceful shutdown complete
2025-04-01 13:59:19,380 INFO o.s.o.j.AbstractEntityManagerFactoryBean [SpringApplicationShutdownHook] Closing JPA EntityManagerFactory for persistence unit 'default'
2025-04-01 13:59:19,396 WARN o.s.b.f.s.DisposableBeanAdapter [SpringApplicationShutdownHook] Invocation of destroy method failed on bean with name 'inMemoryDatabaseShutdownExecutor': org.h2.jdbc.JdbcSQLNonTransientConnectionException: Database is already closed (to disable automatic closing at VM shutdown, add ";DB_CLOSE_ON_EXIT=FALSE" to the db URL) [90121-232]
2025-04-01 13:59:19,397 INFO c.z.h.HikariDataSource [SpringApplicationShutdownHook] HikariPool-1 - Shutdown initiated...
2025-04-01 13:59:19,399 INFO c.z.h.HikariDataSource [SpringApplicationShutdownHook] HikariPool-1 - Shutdown completed.
2025-04-01 14:05:48,397 INFO o.h.v.i.u.Version [background-preinit] HV000001: Hibernate Validator 8.0.1.Final
2025-04-01 14:05:48,423 INFO o.s.b.StartupInfoLogger [restartedMain] Starting DemoApplication using Java 21.0.2 with PID 30420 (/Users/benschwarz/Documents/GitHub/Game-Tracker/Game Tracker/demo/target/classes started by benschwarz in /Users/benschwarz/Documents/GitHub/Game-Tracker/Game Tracker/demo)
2025-04-01 14:05:48,423 DEBUG o.s.b.StartupInfoLogger [restartedMain] Running with Spring Boot v3.4.3, Spring v6.2.3
2025-04-01 14:05:48,424 INFO o.s.b.SpringApplication [restartedMain] No active profile set, falling back to 1 default profile: "default"
2025-04-01 14:05:48,446 INFO o.s.b.l.DeferredLog [restartedMain] Devtools property defaults active! Set 'spring.devtools.add-properties' to 'false' to disable
2025-04-01 14:05:48,446 INFO o.s.b.l.DeferredLog [restartedMain] For additional web related logging consider setting the 'logging.level.web' property to 'DEBUG'
2025-04-01 14:05:48,691 INFO o.s.d.r.c.RepositoryConfigurationDelegate [restartedMain] Bootstrapping Spring Data JPA repositories in DEFAULT mode.
2025-04-01 14:05:48,716 INFO o.s.d.r.c.RepositoryConfigurationDelegate [restartedMain] Finished Spring Data repository scanning in 18 ms. Found 2 JPA repository interfaces.
2025-04-01 14:05:49,085 INFO o.s.b.w.e.t.TomcatWebServer [restartedMain] Tomcat initialized with port 8080 (http)
2025-04-01 14:05:49,092 INFO o.a.j.l.DirectJDKLog [restartedMain] Initializing ProtocolHandler ["http-nio-8080"]
2025-04-01 14:05:49,094 INFO o.a.j.l.DirectJDKLog [restartedMain] Starting service [Tomcat]
2025-04-01 14:05:49,094 INFO o.a.j.l.DirectJDKLog [restartedMain] Starting Servlet engine: [Apache Tomcat/10.1.36]
2025-04-01 14:05:49,112 INFO o.a.j.l.DirectJDKLog [restartedMain] Initializing Spring embedded WebApplicationContext
2025-04-01 14:05:49,112 INFO o.s.b.w.s.c.ServletWebServerApplicationContext [restartedMain] Root WebApplicationContext: initialization completed in 665 ms
2025-04-01 14:05:49,192 INFO o.h.j.i.u.LogHelper [restartedMain] HHH000204: Processing PersistenceUnitInfo [name: default]
2025-04-01 14:05:49,229 INFO o.h.Version [restartedMain] HHH000412: Hibernate ORM core version 6.6.8.Final
2025-04-01 14:05:49,250 INFO o.h.c.i.RegionFactoryInitiator [restartedMain] HHH000026: Second-level cache disabled
2025-04-01 14:05:49,380 INFO o.s.o.j.p.SpringPersistenceUnitInfo [restartedMain] No LoadTimeWeaver setup: ignoring JPA class transformer
2025-04-01 14:05:49,393 INFO c.z.h.HikariDataSource [restartedMain] HikariPool-1 - Starting...
2025-04-01 14:05:49,475 INFO c.z.h.p.HikariPool [restartedMain] HikariPool-1 - Added connection conn0: url=jdbc:h2:mem:testdb user=SA
2025-04-01 14:05:49,476 INFO c.z.h.HikariDataSource [restartedMain] HikariPool-1 - Start completed.
2025-04-01 14:05:49,488 WARN o.h.e.j.d.i.DialectFactoryImpl [restartedMain] HHH90000025: H2Dialect does not need to be specified explicitly using 'hibernate.dialect' (remove the property setting and it will be selected by default)
2025-04-01 14:05:49,496 INFO o.h.e.j.e.i.JdbcEnvironmentInitiator [restartedMain] HHH10001005: Database info:
	Database JDBC URL [Connecting through datasource 'HikariDataSource (HikariPool-1)']
	Database driver: undefined/unknown
	Database version: 2.3.232
	Autocommit mode: undefined/unknown
	Isolation level: undefined/unknown
	Minimum pool size: undefined/unknown
	Maximum pool size: undefined/unknown
2025-04-01 14:05:49,882 INFO o.h.e.t.j.p.i.JtaPlatformInitiator [restartedMain] HHH000489: No JTA platform available (set 'hibernate.transaction.jta.platform' to enable JTA platform integration)
2025-04-01 14:05:49,906 INFO o.s.o.j.AbstractEntityManagerFactoryBean [restartedMain] Initialized JPA EntityManagerFactory for persistence unit 'default'
2025-04-01 14:05:50,096 WARN o.s.b.a.o.j.JpaBaseConfiguration$JpaWebConfiguration [restartedMain] spring.jpa.open-in-view is enabled by default. Therefore, database queries may be performed during view rendering. Explicitly configure spring.jpa.open-in-view to disable this warning
2025-04-01 14:05:50,105 WARN o.s.b.a.s.s.UserDetailsServiceAutoConfiguration [restartedMain] 

Using generated security password: d9bb0379-62c8-443a-8c1c-8cddc6405eb9

This generated password is for development use only. Your security configuration must be updated before running your application in production.

2025-04-01 14:05:50,118 INFO o.s.s.c.a.a.c.InitializeUserDetailsBeanManagerConfigurer$InitializeUserDetailsManagerConfigurer [restartedMain] Global AuthenticationManager configured with UserDetailsService bean with name inMemoryUserDetailsManager
2025-04-01 14:05:50,326 INFO o.s.b.a.h.H2ConsoleAutoConfiguration$H2ConsoleLogger [restartedMain] H2 console available at '/h2-console'. Database available at 'jdbc:h2:mem:testdb'
2025-04-01 14:05:50,356 INFO o.s.b.d.a.OptionalLiveReloadServer [restartedMain] LiveReload server is running on port 35729
2025-04-01 14:05:50,365 INFO o.a.j.l.DirectJDKLog [restartedMain] Starting ProtocolHandler ["http-nio-8080"]
2025-04-01 14:05:50,372 INFO o.s.b.w.e.t.TomcatWebServer [restartedMain] Tomcat started on port 8080 (http) with context path '/'
2025-04-01 14:05:50,378 INFO o.s.b.StartupInfoLogger [restartedMain] Started DemoApplication in 2.166 seconds (process running for 2.349)
2025-04-01 14:05:54,905 INFO o.s.b.w.e.t.GracefulShutdown [SpringApplicationShutdownHook] Commencing graceful shutdown. Waiting for active requests to complete
2025-04-01 14:05:54,920 INFO o.s.b.w.e.t.GracefulShutdown [tomcat-shutdown] Graceful shutdown complete
2025-04-01 14:05:54,926 INFO o.s.o.j.AbstractEntityManagerFactoryBean [SpringApplicationShutdownHook] Closing JPA EntityManagerFactory for persistence unit 'default'
2025-04-01 14:05:54,930 WARN o.s.b.f.s.DisposableBeanAdapter [SpringApplicationShutdownHook] Invocation of destroy method failed on bean with name 'inMemoryDatabaseShutdownExecutor': org.h2.jdbc.JdbcSQLNonTransientConnectionException: Database is already closed (to disable automatic closing at VM shutdown, add ";DB_CLOSE_ON_EXIT=FALSE" to the db URL) [90121-232]
2025-04-01 14:05:54,931 INFO c.z.h.HikariDataSource [SpringApplicationShutdownHook] HikariPool-1 - Shutdown initiated...
2025-04-01 14:05:54,932 INFO c.z.h.HikariDataSource [SpringApplicationShutdownHook] HikariPool-1 - Shutdown completed.
2025-04-01 14:26:13,987 INFO o.h.v.i.u.Version [background-preinit] HV000001: Hibernate Validator 8.0.1.Final
2025-04-01 14:26:14,017 INFO o.s.b.StartupInfoLogger [restartedMain] Starting DemoApplication using Java 21.0.2 with PID 31317 (/Users/benschwarz/Documents/GitHub/Game-Tracker/Game Tracker/demo/target/classes started by benschwarz in /Users/benschwarz/Documents/GitHub/Game-Tracker/Game Tracker/demo)
2025-04-01 14:26:14,017 DEBUG o.s.b.StartupInfoLogger [restartedMain] Running with Spring Boot v3.4.3, Spring v6.2.3
2025-04-01 14:26:14,017 INFO o.s.b.SpringApplication [restartedMain] No active profile set, falling back to 1 default profile: "default"
2025-04-01 14:26:14,042 INFO o.s.b.l.DeferredLog [restartedMain] Devtools property defaults active! Set 'spring.devtools.add-properties' to 'false' to disable
2025-04-01 14:26:14,042 INFO o.s.b.l.DeferredLog [restartedMain] For additional web related logging consider setting the 'logging.level.web' property to 'DEBUG'
2025-04-01 14:26:14,309 INFO o.s.d.r.c.RepositoryConfigurationDelegate [restartedMain] Bootstrapping Spring Data JPA repositories in DEFAULT mode.
2025-04-01 14:26:14,333 INFO o.s.d.r.c.RepositoryConfigurationDelegate [restartedMain] Finished Spring Data repository scanning in 19 ms. Found 2 JPA repository interfaces.
2025-04-01 14:26:14,714 INFO o.s.b.w.e.t.TomcatWebServer [restartedMain] Tomcat initialized with port 8080 (http)
2025-04-01 14:26:14,721 INFO o.a.j.l.DirectJDKLog [restartedMain] Initializing ProtocolHandler ["http-nio-8080"]
2025-04-01 14:26:14,722 INFO o.a.j.l.DirectJDKLog [restartedMain] Starting service [Tomcat]
2025-04-01 14:26:14,722 INFO o.a.j.l.DirectJDKLog [restartedMain] Starting Servlet engine: [Apache Tomcat/10.1.36]
2025-04-01 14:26:14,739 INFO o.a.j.l.DirectJDKLog [restartedMain] Initializing Spring embedded WebApplicationContext
2025-04-01 14:26:14,740 INFO o.s.b.w.s.c.ServletWebServerApplicationContext [restartedMain] Root WebApplicationContext: initialization completed in 697 ms
2025-04-01 14:26:14,818 INFO o.h.j.i.u.LogHelper [restartedMain] HHH000204: Processing PersistenceUnitInfo [name: default]
2025-04-01 14:26:14,844 INFO o.h.Version [restartedMain] HHH000412: Hibernate ORM core version 6.6.8.Final
2025-04-01 14:26:14,862 INFO o.h.c.i.RegionFactoryInitiator [restartedMain] HHH000026: Second-level cache disabled
2025-04-01 14:26:14,979 INFO o.s.o.j.p.SpringPersistenceUnitInfo [restartedMain] No LoadTimeWeaver setup: ignoring JPA class transformer
2025-04-01 14:26:14,992 INFO c.z.h.HikariDataSource [restartedMain] HikariPool-1 - Starting...
2025-04-01 14:26:15,074 INFO c.z.h.p.HikariPool [restartedMain] HikariPool-1 - Added connection conn0: url=jdbc:h2:mem:testdb user=SA
2025-04-01 14:26:15,075 INFO c.z.h.HikariDataSource [restartedMain] HikariPool-1 - Start completed.
2025-04-01 14:26:15,087 WARN o.h.e.j.d.i.DialectFactoryImpl [restartedMain] HHH90000025: H2Dialect does not need to be specified explicitly using 'hibernate.dialect' (remove the property setting and it will be selected by default)
2025-04-01 14:26:15,096 INFO o.h.e.j.e.i.JdbcEnvironmentInitiator [restartedMain] HHH10001005: Database info:
	Database JDBC URL [Connecting through datasource 'HikariDataSource (HikariPool-1)']
	Database driver: undefined/unknown
	Database version: 2.3.232
	Autocommit mode: undefined/unknown
	Isolation level: undefined/unknown
	Minimum pool size: undefined/unknown
	Maximum pool size: undefined/unknown
2025-04-01 14:26:15,495 INFO o.h.e.t.j.p.i.JtaPlatformInitiator [restartedMain] HHH000489: No JTA platform available (set 'hibernate.transaction.jta.platform' to enable JTA platform integration)
2025-04-01 14:26:15,517 INFO o.s.o.j.AbstractEntityManagerFactoryBean [restartedMain] Initialized JPA EntityManagerFactory for persistence unit 'default'
2025-04-01 14:26:15,712 WARN o.s.b.a.o.j.JpaBaseConfiguration$JpaWebConfiguration [restartedMain] spring.jpa.open-in-view is enabled by default. Therefore, database queries may be performed during view rendering. Explicitly configure spring.jpa.open-in-view to disable this warning
2025-04-01 14:26:15,721 WARN o.s.b.a.s.s.UserDetailsServiceAutoConfiguration [restartedMain] 

Using generated security password: 97d2e53a-62d4-481b-825b-b0b28e0393cd

This generated password is for development use only. Your security configuration must be updated before running your application in production.

2025-04-01 14:26:15,735 INFO o.s.s.c.a.a.c.InitializeUserDetailsBeanManagerConfigurer$InitializeUserDetailsManagerConfigurer [restartedMain] Global AuthenticationManager configured with UserDetailsService bean with name inMemoryUserDetailsManager
2025-04-01 14:26:15,950 INFO o.s.b.a.h.H2ConsoleAutoConfiguration$H2ConsoleLogger [restartedMain] H2 console available at '/h2-console'. Database available at 'jdbc:h2:mem:testdb'
2025-04-01 14:26:15,980 INFO o.s.b.d.a.OptionalLiveReloadServer [restartedMain] LiveReload server is running on port 35729
2025-04-01 14:26:15,989 INFO o.a.j.l.DirectJDKLog [restartedMain] Starting ProtocolHandler ["http-nio-8080"]
2025-04-01 14:26:15,996 INFO o.s.b.w.e.t.TomcatWebServer [restartedMain] Tomcat started on port 8080 (http) with context path '/'
2025-04-01 14:26:16,002 INFO o.s.b.StartupInfoLogger [restartedMain] Started DemoApplication in 2.219 seconds (process running for 2.462)
2025-04-01 14:26:33,084 INFO o.a.j.l.DirectJDKLog [http-nio-8080-exec-1] Initializing Spring DispatcherServlet 'dispatcherServlet'
2025-04-01 14:26:33,087 INFO o.s.w.s.FrameworkServlet [http-nio-8080-exec-1] Initializing Servlet 'dispatcherServlet'
2025-04-01 14:26:33,092 INFO o.s.w.s.FrameworkServlet [http-nio-8080-exec-1] Completed initialization in 4 ms
2025-04-01 14:27:31,039 INFO c.e.d.c.SteamController [http-nio-8080-exec-4] Starting Steam library sync request - UserId: 1, SteamId: 76561199086278726
2025-04-01 14:27:31,040 INFO c.e.d.s.SteamService [http-nio-8080-exec-4] Starting Steam library sync for steamId: 76561199086278726 and userId: 1
2025-04-01 14:27:31,066 DEBUG c.e.d.s.SteamService [http-nio-8080-exec-4] Calling Steam API with URL: http://api.steampowered.com/IPlayerService/GetOwnedGames/v1/?key=26136836BA70FDCEFA4DFAF39B3387BB&steamid=76561199086278726&format=json&include_appinfo=1
2025-04-01 14:27:31,584 DEBUG c.e.d.s.SteamService [http-nio-8080-exec-4] Synced game: Warhammer 40,000: Dawn of War II - Anniversary Edition (appId: 15620) with playtime: 1 minutes, achievements: 0/73
2025-04-01 14:27:31,757 DEBUG c.e.d.s.SteamService [http-nio-8080-exec-4] Synced game: Warhammer 40,000: Dawn of War II - Chaos Rising (appId: 20570) with playtime: 1631 minutes, achievements: 31/73
2025-04-01 14:27:31,918 DEBUG c.e.d.s.SteamService [http-nio-8080-exec-4] Synced game: Warhammer 40,000: Dawn of War II - Retribution (appId: 56400) with playtime: 8404 minutes, achievements: 32/77
2025-04-01 14:27:32,306 DEBUG c.e.d.s.SteamService [http-nio-8080-exec-4] Synced game: STAR WARS™ Knights of the Old Republic™ II: The Sith Lords™ (appId: 208580) with playtime: 4900 minutes, achievements: 31/57
2025-04-01 14:27:32,611 DEBUG c.e.d.s.SteamService [http-nio-8080-exec-4] Synced game: Stellaris (appId: 281990) with playtime: 108 minutes, achievements: 2/191
2025-04-01 14:27:32,758 WARN c.e.d.s.SteamService [http-nio-8080-exec-4] Failed to get achievements for game 282660: 400 Bad Request on GET request for "http://api.steampowered.com/ISteamUserStats/GetPlayerAchievements/v1/": "{"playerstats":{"error":"Requested app has no stats","success":false}}"
2025-04-01 14:27:32,761 DEBUG c.e.d.s.SteamService [http-nio-8080-exec-4] Synced game: Easy eSports (appId: 282660) with playtime: 1 minutes, achievements: 0/0
2025-04-01 14:27:32,904 DEBUG c.e.d.s.SteamService [http-nio-8080-exec-4] Synced game: DARK SOULS™ III (appId: 374320) with playtime: 21376 minutes, achievements: 36/43
2025-04-01 14:27:33,031 DEBUG c.e.d.s.SteamService [http-nio-8080-exec-4] Synced game: Let Them Come (appId: 505630) with playtime: 222 minutes, achievements: 17/25
2025-04-01 14:27:33,177 DEBUG c.e.d.s.SteamService [http-nio-8080-exec-4] Synced game: Deep Rock Galactic (appId: 548430) with playtime: 17990 minutes, achievements: 53/69
2025-04-01 14:27:33,632 DEBUG c.e.d.s.SteamService [http-nio-8080-exec-4] Synced game: For Honor (appId: 304390) with playtime: 10215 minutes, achievements: 0/60
2025-04-01 14:27:33,773 WARN c.e.d.s.SteamService [http-nio-8080-exec-4] Failed to get achievements for game 654310: 400 Bad Request on GET request for "http://api.steampowered.com/ISteamUserStats/GetPlayerAchievements/v1/": "{"playerstats":{"error":"Requested app has no stats","success":false}}"
2025-04-01 14:27:33,781 DEBUG c.e.d.s.SteamService [http-nio-8080-exec-4] Synced game: For Honor - Public Test (appId: 654310) with playtime: 1 minutes, achievements: 0/0
2025-04-01 14:27:34,150 DEBUG c.e.d.s.SteamService [http-nio-8080-exec-4] Synced game: Warhammer: Vermintide 2 (appId: 552500) with playtime: 30310 minutes, achievements: 26/26
2025-04-01 14:27:34,322 DEBUG c.e.d.s.SteamService [http-nio-8080-exec-4] Synced game: DARK SOULS™: REMASTERED (appId: 570940) with playtime: 8444 minutes, achievements: 27/41
2025-04-01 14:27:34,459 DEBUG c.e.d.s.SteamService [http-nio-8080-exec-4] Synced game: Warhammer 40,000: Mechanicus (appId: 673880) with playtime: 1734 minutes, achievements: 21/34
2025-04-01 14:27:34,814 DEBUG c.e.d.s.SteamService [http-nio-8080-exec-4] Synced game: Sekiro™: Shadows Die Twice (appId: 814380) with playtime: 3901 minutes, achievements: 24/34
2025-04-01 14:27:34,938 WARN c.e.d.s.SteamService [http-nio-8080-exec-4] Failed to get achievements for game 975370: 400 Bad Request on GET request for "http://api.steampowered.com/ISteamUserStats/GetPlayerAchievements/v1/": "{"playerstats":{"error":"Requested app has no stats","success":false}}"
2025-04-01 14:27:34,942 DEBUG c.e.d.s.SteamService [http-nio-8080-exec-4] Synced game: Dwarf Fortress (appId: 975370) with playtime: 4830 minutes, achievements: 0/0
2025-04-01 14:27:35,161 DEBUG c.e.d.s.SteamService [http-nio-8080-exec-4] Synced game: ULTRAKILL (appId: 1229490) with playtime: 4079 minutes, achievements: 0/0
2025-04-01 14:27:35,783 DEBUG c.e.d.s.SteamService [http-nio-8080-exec-4] Synced game: ELDEN RING (appId: 1245620) with playtime: 21592 minutes, achievements: 36/42
2025-04-01 14:27:35,900 WARN c.e.d.s.SteamService [http-nio-8080-exec-4] Failed to get achievements for game 1690940: 400 Bad Request on GET request for "http://api.steampowered.com/ISteamUserStats/GetPlayerAchievements/v1/": "{"playerstats":{"error":"Requested app has no stats","success":false}}"
2025-04-01 14:27:35,908 DEBUG c.e.d.s.SteamService [http-nio-8080-exec-4] Synced game: DELTARUNE (Chapter 1 & 2 DEMO) (appId: 1690940) with playtime: 1457 minutes, achievements: 0/0
2025-04-01 14:27:36,075 DEBUG c.e.d.s.SteamService [http-nio-8080-exec-4] Synced game: ARMORED CORE™ VI FIRES OF RUBICON™ (appId: 1888160) with playtime: 12154 minutes, achievements: 25/30
2025-04-01 14:27:36,243 DEBUG c.e.d.s.SteamService [http-nio-8080-exec-4] Synced game: Warhammer 40,000: Darktide (appId: 1361210) with playtime: 34712 minutes, achievements: 27/36
2025-04-01 14:27:36,244 INFO c.e.d.s.SteamService [http-nio-8080-exec-4] Successfully synced 21 games from Steam
2025-04-01 14:27:36,245 INFO c.e.d.c.SteamController [http-nio-8080-exec-4] Successfully synced 21 games for user 1
2025-04-01 15:08:28,171 WARN c.z.h.p.HikariPool$HouseKeeper [HikariPool-1 housekeeper] HikariPool-1 - Thread starvation or clock leap detected (housekeeper delta=2m12s697ms).
2025-04-01 15:09:52,568 WARN c.z.h.p.HikariPool$HouseKeeper [HikariPool-1 housekeeper] HikariPool-1 - Thread starvation or clock leap detected (housekeeper delta=1m24s416ms).
2025-04-01 15:22:07,370 WARN c.z.h.p.HikariPool$HouseKeeper [HikariPool-1 housekeeper] HikariPool-1 - Thread starvation or clock leap detected (housekeeper delta=12m14s801ms).
2025-04-01 15:37:17,884 WARN c.z.h.p.HikariPool$HouseKeeper [HikariPool-1 housekeeper] HikariPool-1 - Thread starvation or clock leap detected (housekeeper delta=15m10s513ms).
2025-04-01 15:38:12,027 INFO o.s.b.w.e.t.GracefulShutdown [SpringApplicationShutdownHook] Commencing graceful shutdown. Waiting for active requests to complete
2025-04-01 15:38:12,041 INFO o.s.b.w.e.t.GracefulShutdown [tomcat-shutdown] Graceful shutdown complete
2025-04-01 15:38:12,051 INFO o.s.o.j.AbstractEntityManagerFactoryBean [SpringApplicationShutdownHook] Closing JPA EntityManagerFactory for persistence unit 'default'
2025-04-01 15:38:12,067 WARN o.s.b.f.s.DisposableBeanAdapter [SpringApplicationShutdownHook] Invocation of destroy method failed on bean with name 'inMemoryDatabaseShutdownExecutor': org.h2.jdbc.JdbcSQLNonTransientConnectionException: Database is already closed (to disable automatic closing at VM shutdown, add ";DB_CLOSE_ON_EXIT=FALSE" to the db URL) [90121-232]
2025-04-01 15:38:12,068 INFO c.z.h.HikariDataSource [SpringApplicationShutdownHook] HikariPool-1 - Shutdown initiated...
2025-04-01 15:38:12,070 INFO c.z.h.HikariDataSource [SpringApplicationShutdownHook] HikariPool-1 - Shutdown completed.
