2025-04-18 00:00:45,190 WARN c.z.h.p.HikariPool$HouseKeeper [HikariPool-9 housekeeper] HikariPool-9 - Thread starvation or clock leap detected (housekeeper delta=5m13s444ms).
2025-04-18 00:19:19,662 WARN c.z.h.p.HikariPool$HouseKeeper [HikariPool-9 housekeeper] HikariPool-9 - Thread starvation or clock leap detected (housekeeper delta=18m34s472ms).
2025-04-18 00:20:25,784 WARN c.z.h.p.HikariPool$HouseKeeper [HikariPool-9 housekeeper] HikariPool-9 - Thread starvation or clock leap detected (housekeeper delta=1m6s122ms).
2025-04-18 00:57:33,324 WARN c.z.h.p.HikariPool$HouseKeeper [HikariPool-9 housekeeper] HikariPool-9 - Thread starvation or clock leap detected (housekeeper delta=37m7s540ms).
2025-04-18 01:31:33,547 WARN c.z.h.p.HikariPool$HouseKeeper [HikariPool-9 housekeeper] HikariPool-9 - Thread starvation or clock leap detected (housekeeper delta=34m223ms).
2025-04-18 01:37:33,147 WARN c.z.h.p.HikariPool$HouseKeeper [HikariPool-9 housekeeper] HikariPool-9 - Thread starvation or clock leap detected (housekeeper delta=5m59s599ms).
2025-04-18 01:46:02,711 WARN c.z.h.p.HikariPool$HouseKeeper [HikariPool-9 housekeeper] HikariPool-9 - Thread starvation or clock leap detected (housekeeper delta=8m29s565ms).
2025-04-18 01:47:33,925 WARN c.z.h.p.HikariPool$HouseKeeper [HikariPool-9 housekeeper] HikariPool-9 - Thread starvation or clock leap detected (housekeeper delta=1m31s214ms).
2025-04-18 01:48:29,043 WARN c.z.h.p.HikariPool$HouseKeeper [HikariPool-9 housekeeper] HikariPool-9 - Thread starvation or clock leap detected (housekeeper delta=55s118ms).
2025-04-18 01:51:20,998 WARN c.z.h.p.HikariPool$HouseKeeper [HikariPool-9 housekeeper] HikariPool-9 - Thread starvation or clock leap detected (housekeeper delta=1m24s738ms).
2025-04-18 01:53:10,270 WARN c.z.h.p.HikariPool$HouseKeeper [HikariPool-9 housekeeper] HikariPool-9 - Thread starvation or clock leap detected (housekeeper delta=1m49s272ms).
2025-04-18 01:55:30,995 WARN c.z.h.p.HikariPool$HouseKeeper [HikariPool-9 housekeeper] HikariPool-9 - Thread starvation or clock leap detected (housekeeper delta=2m20s725ms).
2025-04-18 02:13:32,790 WARN c.z.h.p.HikariPool$HouseKeeper [HikariPool-9 housekeeper] HikariPool-9 - Thread starvation or clock leap detected (housekeeper delta=18m1s795ms).
2025-04-18 02:14:21,513 WARN c.z.h.p.HikariPool$HouseKeeper [HikariPool-9 housekeeper] HikariPool-9 - Thread starvation or clock leap detected (housekeeper delta=48s723ms).
2025-04-18 02:16:33,408 WARN c.z.h.p.HikariPool$HouseKeeper [HikariPool-9 housekeeper] HikariPool-9 - Thread starvation or clock leap detected (housekeeper delta=2m11s895ms).
2025-04-18 02:27:40,332 WARN c.z.h.p.HikariPool$HouseKeeper [HikariPool-9 housekeeper] HikariPool-9 - Thread starvation or clock leap detected (housekeeper delta=11m6s924ms).
2025-04-18 02:45:31,950 WARN c.z.h.p.HikariPool$HouseKeeper [HikariPool-9 housekeeper] HikariPool-9 - Thread starvation or clock leap detected (housekeeper delta=16m37s962ms).
2025-04-18 02:47:24,061 WARN c.z.h.p.HikariPool$HouseKeeper [HikariPool-9 housekeeper] HikariPool-9 - Thread starvation or clock leap detected (housekeeper delta=1m52s112ms).
2025-04-18 02:50:11,532 WARN c.z.h.p.HikariPool$HouseKeeper [HikariPool-9 housekeeper] HikariPool-9 - Thread starvation or clock leap detected (housekeeper delta=2m47s471ms).
2025-04-18 02:52:10,907 WARN c.z.h.p.HikariPool$HouseKeeper [HikariPool-9 housekeeper] HikariPool-9 - Thread starvation or clock leap detected (housekeeper delta=1m59s375ms).
2025-04-18 02:54:47,239 WARN c.z.h.p.HikariPool$HouseKeeper [HikariPool-9 housekeeper] HikariPool-9 - Thread starvation or clock leap detected (housekeeper delta=2m36s332ms).
2025-04-18 03:44:28,386 WARN c.z.h.p.HikariPool$HouseKeeper [HikariPool-9 housekeeper] HikariPool-9 - Thread starvation or clock leap detected (housekeeper delta=49m41s147ms).
2025-04-18 04:34:52,297 WARN c.z.h.p.HikariPool$HouseKeeper [HikariPool-9 housekeeper] HikariPool-9 - Thread starvation or clock leap detected (housekeeper delta=50m23s911ms).
2025-04-18 05:15:31,869 WARN c.z.h.p.HikariPool$HouseKeeper [HikariPool-9 housekeeper] HikariPool-9 - Thread starvation or clock leap detected (housekeeper delta=40m39s572ms).
2025-04-18 06:34:37,439 WARN c.z.h.p.HikariPool$HouseKeeper [HikariPool-9 housekeeper] HikariPool-9 - Thread starvation or clock leap detected (housekeeper delta=1h19m5s570ms).
2025-04-18 07:43:11,129 WARN c.z.h.p.HikariPool$HouseKeeper [HikariPool-9 housekeeper] HikariPool-9 - Thread starvation or clock leap detected (housekeeper delta=1h8m33s690ms).
2025-04-18 08:16:18,917 WARN c.z.h.p.HikariPool$HouseKeeper [HikariPool-9 housekeeper] HikariPool-9 - Thread starvation or clock leap detected (housekeeper delta=33m7s788ms).
2025-04-18 08:35:04,644 WARN c.z.h.p.HikariPool$HouseKeeper [HikariPool-9 housekeeper] HikariPool-9 - Thread starvation or clock leap detected (housekeeper delta=18m45s727ms).
2025-04-18 09:44:13,333 WARN c.z.h.p.HikariPool$HouseKeeper [HikariPool-9 housekeeper] HikariPool-9 - Thread starvation or clock leap detected (housekeeper delta=1h9m8s689ms).
2025-04-18 10:25:05,909 WARN c.z.h.p.HikariPool$HouseKeeper [HikariPool-9 housekeeper] HikariPool-9 - Thread starvation or clock leap detected (housekeeper delta=40m52s575ms).
2025-04-18 10:26:46,451 WARN c.z.h.p.HikariPool$HouseKeeper [HikariPool-9 housekeeper] HikariPool-9 - Thread starvation or clock leap detected (housekeeper delta=1m1s886ms).
2025-04-18 10:27:40,042 WARN c.z.h.p.HikariPool$HouseKeeper [HikariPool-9 housekeeper] HikariPool-9 - Thread starvation or clock leap detected (housekeeper delta=53s591ms).
2025-04-18 10:29:13,253 WARN c.z.h.p.HikariPool$HouseKeeper [HikariPool-9 housekeeper] HikariPool-9 - Thread starvation or clock leap detected (housekeeper delta=54s774ms).
2025-04-18 10:30:05,132 WARN c.z.h.p.HikariPool$HouseKeeper [HikariPool-9 housekeeper] HikariPool-9 - Thread starvation or clock leap detected (housekeeper delta=51s879ms).
2025-04-18 10:31:38,196 WARN c.z.h.p.HikariPool$HouseKeeper [HikariPool-9 housekeeper] HikariPool-9 - Thread starvation or clock leap detected (housekeeper delta=56s575ms).
2025-04-18 10:34:37,394 WARN c.z.h.p.HikariPool$HouseKeeper [HikariPool-9 housekeeper] HikariPool-9 - Thread starvation or clock leap detected (housekeeper delta=2m29s196ms).
2025-04-18 10:35:23,937 WARN c.z.h.p.HikariPool$HouseKeeper [HikariPool-9 housekeeper] HikariPool-9 - Thread starvation or clock leap detected (housekeeper delta=46s543ms).
2025-04-18 10:37:32,824 WARN c.z.h.p.HikariPool$HouseKeeper [HikariPool-9 housekeeper] HikariPool-9 - Thread starvation or clock leap detected (housekeeper delta=2m8s887ms).
2025-04-18 10:38:48,518 WARN c.z.h.p.HikariPool$HouseKeeper [HikariPool-9 housekeeper] HikariPool-9 - Thread starvation or clock leap detected (housekeeper delta=1m15s694ms).
2025-04-18 10:40:17,556 WARN c.z.h.p.HikariPool$HouseKeeper [HikariPool-9 housekeeper] HikariPool-9 - Thread starvation or clock leap detected (housekeeper delta=1m29s37ms).
2025-04-18 10:41:25,449 WARN c.z.h.p.HikariPool$HouseKeeper [HikariPool-9 housekeeper] HikariPool-9 - Thread starvation or clock leap detected (housekeeper delta=1m7s894ms).
2025-04-18 10:43:01,796 WARN c.z.h.p.HikariPool$HouseKeeper [HikariPool-9 housekeeper] HikariPool-9 - Thread starvation or clock leap detected (housekeeper delta=1m36s347ms).
2025-04-18 10:43:52,935 WARN c.z.h.p.HikariPool$HouseKeeper [HikariPool-9 housekeeper] HikariPool-9 - Thread starvation or clock leap detected (housekeeper delta=51s139ms).
2025-04-18 10:46:02,902 WARN c.z.h.p.HikariPool$HouseKeeper [HikariPool-9 housekeeper] HikariPool-9 - Thread starvation or clock leap detected (housekeeper delta=2m9s967ms).
2025-04-18 10:51:06,632 WARN c.z.h.p.HikariPool$HouseKeeper [HikariPool-9 housekeeper] HikariPool-9 - Thread starvation or clock leap detected (housekeeper delta=5m3s730ms).
2025-04-18 10:57:09,282 WARN c.z.h.p.HikariPool$HouseKeeper [HikariPool-9 housekeeper] HikariPool-9 - Thread starvation or clock leap detected (housekeeper delta=6m2s650ms).
2025-04-18 11:04:54,542 WARN c.z.h.p.HikariPool$HouseKeeper [HikariPool-9 housekeeper] HikariPool-9 - Thread starvation or clock leap detected (housekeeper delta=7m45s260ms).
2025-04-18 11:34:50,326 WARN c.z.h.p.HikariPool$HouseKeeper [HikariPool-9 housekeeper] HikariPool-9 - Thread starvation or clock leap detected (housekeeper delta=29m55s784ms).
2025-04-18 12:13:35,216 WARN c.z.h.p.HikariPool$HouseKeeper [HikariPool-9 housekeeper] HikariPool-9 - Thread starvation or clock leap detected (housekeeper delta=38m44s890ms).
2025-04-18 12:32:35,433 WARN c.z.h.p.HikariPool$HouseKeeper [HikariPool-9 housekeeper] HikariPool-9 - Thread starvation or clock leap detected (housekeeper delta=19m217ms).
2025-04-18 12:41:06,575 WARN c.z.h.p.HikariPool$HouseKeeper [HikariPool-9 housekeeper] HikariPool-9 - Thread starvation or clock leap detected (housekeeper delta=8m31s142ms).
2025-04-18 12:42:12,606 WARN c.z.h.p.HikariPool$HouseKeeper [HikariPool-9 housekeeper] HikariPool-9 - Thread starvation or clock leap detected (housekeeper delta=1m6s30ms).
2025-04-18 12:50:24,166 WARN c.z.h.p.HikariPool$HouseKeeper [HikariPool-9 housekeeper] HikariPool-9 - Thread starvation or clock leap detected (housekeeper delta=8m11s561ms).
2025-04-18 12:51:13,295 WARN c.z.h.p.HikariPool$HouseKeeper [HikariPool-9 housekeeper] HikariPool-9 - Thread starvation or clock leap detected (housekeeper delta=49s129ms).
2025-04-18 12:52:06,859 WARN c.z.h.p.HikariPool$HouseKeeper [HikariPool-9 housekeeper] HikariPool-9 - Thread starvation or clock leap detected (housekeeper delta=53s564ms).
2025-04-18 12:52:53,261 WARN c.z.h.p.HikariPool$HouseKeeper [HikariPool-9 housekeeper] HikariPool-9 - Thread starvation or clock leap detected (housekeeper delta=46s402ms).
2025-04-18 13:04:01,520 WARN c.z.h.p.HikariPool$HouseKeeper [HikariPool-9 housekeeper] HikariPool-9 - Thread starvation or clock leap detected (housekeeper delta=10m34s487ms).
2025-04-18 13:05:57,137 WARN c.z.h.p.HikariPool$HouseKeeper [HikariPool-9 housekeeper] HikariPool-9 - Thread starvation or clock leap detected (housekeeper delta=1m55s617ms).
2025-04-18 13:07:28,038 WARN c.z.h.p.HikariPool$HouseKeeper [HikariPool-9 housekeeper] HikariPool-9 - Thread starvation or clock leap detected (housekeeper delta=1m30s901ms).
2025-04-18 13:57:07,450 WARN c.z.h.p.HikariPool$HouseKeeper [HikariPool-9 housekeeper] HikariPool-9 - Thread starvation or clock leap detected (housekeeper delta=49m39s412ms).
2025-04-18 15:06:57,473 WARN c.z.h.p.HikariPool$HouseKeeper [HikariPool-9 housekeeper] HikariPool-9 - Thread starvation or clock leap detected (housekeeper delta=1h9m50s23ms).
2025-04-18 15:32:35,284 WARN c.z.h.p.HikariPool$HouseKeeper [HikariPool-9 housekeeper] HikariPool-9 - Thread starvation or clock leap detected (housekeeper delta=25m37s811ms).
2025-04-18 15:39:44,782 WARN c.z.h.p.HikariPool$HouseKeeper [HikariPool-9 housekeeper] HikariPool-9 - Thread starvation or clock leap detected (housekeeper delta=7m9s498ms).
2025-04-18 15:54:47,622 WARN c.z.h.p.HikariPool$HouseKeeper [HikariPool-9 housekeeper] HikariPool-9 - Thread starvation or clock leap detected (housekeeper delta=15m2s840ms).
2025-04-18 16:16:43,141 WARN c.z.h.p.HikariPool$HouseKeeper [HikariPool-9 housekeeper] HikariPool-9 - Thread starvation or clock leap detected (housekeeper delta=21m55s519ms).
2025-04-18 17:17:48,753 WARN c.z.h.p.HikariPool$HouseKeeper [HikariPool-9 housekeeper] HikariPool-9 - Thread starvation or clock leap detected (housekeeper delta=1h1m5s612ms).
2025-04-18 17:34:14,461 WARN c.z.h.p.HikariPool$HouseKeeper [HikariPool-9 housekeeper] HikariPool-9 - Thread starvation or clock leap detected (housekeeper delta=16m25s708ms).
2025-04-18 17:50:37,174 WARN c.z.h.p.HikariPool$HouseKeeper [HikariPool-9 housekeeper] HikariPool-9 - Thread starvation or clock leap detected (housekeeper delta=16m22s713ms).
2025-04-18 18:18:43,045 WARN c.z.h.p.HikariPool$HouseKeeper [HikariPool-9 housekeeper] HikariPool-9 - Thread starvation or clock leap detected (housekeeper delta=28m5s871ms).
2025-04-18 18:26:40,482 WARN c.z.h.p.HikariPool$HouseKeeper [HikariPool-9 housekeeper] HikariPool-9 - Thread starvation or clock leap detected (housekeeper delta=7m57s437ms).
2025-04-18 18:49:35,665 INFO o.s.b.w.e.t.GracefulShutdown [SpringApplicationShutdownHook] Commencing graceful shutdown. Waiting for active requests to complete
2025-04-18 18:49:35,671 INFO o.s.b.w.e.t.GracefulShutdown [tomcat-shutdown] Graceful shutdown complete
2025-04-18 18:49:35,673 INFO o.s.o.j.AbstractEntityManagerFactoryBean [SpringApplicationShutdownHook] Closing JPA EntityManagerFactory for persistence unit 'default'
2025-04-18 18:49:35,676 INFO c.z.h.HikariDataSource [SpringApplicationShutdownHook] HikariPool-9 - Shutdown initiated...
2025-04-18 18:49:35,680 INFO c.z.h.HikariDataSource [SpringApplicationShutdownHook] HikariPool-9 - Shutdown completed.
