2025-03-16 00:02:23,761 INFO o.s.b.d.a.LocalDevToolsAutoConfiguration$RestartingClassPathChangeChangedEventListener [File Watcher] Restarting due to 2 class path changes (0 additions, 0 deletions, 2 modifications)
2025-03-16 00:02:23,771 INFO o.s.b.w.e.t.GracefulShutdown [Thread-7] Commencing graceful shutdown. Waiting for active requests to complete
2025-03-16 00:02:23,772 INFO o.a.j.l.DirectJDKLog [tomcat-shutdown] Pausing ProtocolHandler ["http-nio-8080"]
2025-03-16 00:02:23,774 INFO o.s.b.w.e.t.GracefulShutdown [tomcat-shutdown] Graceful shutdown complete
2025-03-16 00:02:23,774 INFO o.a.j.l.DirectJDKLog [Thread-7] Stopping ProtocolHandler ["http-nio-8080"]
2025-03-16 00:02:23,780 INFO o.s.o.j.AbstractEntityManagerFactoryBean [Thread-7] Closing JPA EntityManagerFactory for persistence unit 'default'
2025-03-16 00:02:23,784 INFO c.z.h.HikariDataSource [Thread-7] HikariPool-2 - Shutdown initiated...
2025-03-16 00:02:23,796 INFO c.z.h.HikariDataSource [Thread-7] HikariPool-2 - Shutdown completed.
2025-03-16 00:02:23,875 INFO o.s.b.StartupInfoLogger [restartedMain] Starting DemoApplication using Java 21.0.1 with PID 72231 (/Users/bryanpisciotti/Game-Tracker/Game Tracker/demo/target/classes started by bryanpisciotti in /Users/bryanpisciotti/Game-Tracker/Game Tracker/demo)
2025-03-16 00:02:23,875 DEBUG o.s.b.StartupInfoLogger [restartedMain] Running with Spring Boot v3.4.3, Spring v6.2.3
2025-03-16 00:02:23,876 INFO o.s.b.SpringApplication [restartedMain] No active profile set, falling back to 1 default profile: "default"
2025-03-16 00:02:23,938 INFO o.s.d.r.c.RepositoryConfigurationDelegate [restartedMain] Bootstrapping Spring Data JPA repositories in DEFAULT mode.
2025-03-16 00:02:23,941 INFO o.s.d.r.c.RepositoryConfigurationDelegate [restartedMain] Finished Spring Data repository scanning in 3 ms. Found 2 JPA repository interfaces.
2025-03-16 00:02:24,024 INFO o.s.b.w.e.t.TomcatWebServer [restartedMain] Tomcat initialized with port 8080 (http)
2025-03-16 00:02:24,025 INFO o.a.j.l.DirectJDKLog [restartedMain] Initializing ProtocolHandler ["http-nio-8080"]
2025-03-16 00:02:24,025 INFO o.a.j.l.DirectJDKLog [restartedMain] Starting service [Tomcat]
2025-03-16 00:02:24,025 INFO o.a.j.l.DirectJDKLog [restartedMain] Starting Servlet engine: [Apache Tomcat/10.1.36]
2025-03-16 00:02:24,031 INFO o.a.j.l.DirectJDKLog [restartedMain] Initializing Spring embedded WebApplicationContext
2025-03-16 00:02:24,031 INFO o.s.b.w.s.c.ServletWebServerApplicationContext [restartedMain] Root WebApplicationContext: initialization completed in 154 ms
2025-03-16 00:02:24,056 INFO o.h.j.i.u.LogHelper [restartedMain] HHH000204: Processing PersistenceUnitInfo [name: default]
2025-03-16 00:02:24,057 INFO o.h.c.i.RegionFactoryInitiator [restartedMain] HHH000026: Second-level cache disabled
2025-03-16 00:02:24,061 INFO o.s.o.j.p.SpringPersistenceUnitInfo [restartedMain] No LoadTimeWeaver setup: ignoring JPA class transformer
2025-03-16 00:02:24,061 INFO c.z.h.HikariDataSource [restartedMain] HikariPool-3 - Starting...
2025-03-16 00:02:24,073 INFO c.z.h.p.HikariPool [restartedMain] HikariPool-3 - Added connection com.mysql.cj.jdbc.ConnectionImpl@56f9cfb0
2025-03-16 00:02:24,073 INFO c.z.h.HikariDataSource [restartedMain] HikariPool-3 - Start completed.
2025-03-16 00:02:24,073 WARN o.h.e.j.d.i.DialectFactoryImpl [restartedMain] HHH90000025: MySQL8Dialect does not need to be specified explicitly using 'hibernate.dialect' (remove the property setting and it will be selected by default)
2025-03-16 00:02:24,074 WARN o.h.e.j.d.i.DialectFactoryImpl [restartedMain] HHH90000026: MySQL8Dialect has been deprecated; use org.hibernate.dialect.MySQLDialect instead
2025-03-16 00:02:24,074 INFO o.h.e.j.e.i.JdbcEnvironmentInitiator [restartedMain] HHH10001005: Database info:
	Database JDBC URL [Connecting through datasource 'HikariDataSource (HikariPool-3)']
	Database driver: undefined/unknown
	Database version: 8.0
	Autocommit mode: undefined/unknown
	Isolation level: undefined/unknown
	Minimum pool size: undefined/unknown
	Maximum pool size: undefined/unknown
2025-03-16 00:02:24,104 INFO o.h.e.t.j.p.i.JtaPlatformInitiator [restartedMain] HHH000489: No JTA platform available (set 'hibernate.transaction.jta.platform' to enable JTA platform integration)
2025-03-16 00:02:24,133 INFO o.s.o.j.AbstractEntityManagerFactoryBean [restartedMain] Initialized JPA EntityManagerFactory for persistence unit 'default'
2025-03-16 00:02:24,225 WARN o.s.b.a.o.j.JpaBaseConfiguration$JpaWebConfiguration [restartedMain] spring.jpa.open-in-view is enabled by default. Therefore, database queries may be performed during view rendering. Explicitly configure spring.jpa.open-in-view to disable this warning
2025-03-16 00:02:24,230 WARN o.s.b.a.s.s.UserDetailsServiceAutoConfiguration [restartedMain] 

Using generated security password: c7d900f0-bcc6-4701-a740-4895ce5c0838

This generated password is for development use only. Your security configuration must be updated before running your application in production.

2025-03-16 00:02:24,231 INFO o.s.s.c.a.a.c.InitializeUserDetailsBeanManagerConfigurer$InitializeUserDetailsManagerConfigurer [restartedMain] Global AuthenticationManager configured with UserDetailsService bean with name inMemoryUserDetailsManager
2025-03-16 00:02:24,283 INFO o.s.v.b.OptionalValidatorFactoryBean [restartedMain] Failed to set up a Bean Validation provider: jakarta.validation.NoProviderFoundException: Unable to create a Configuration, because no Jakarta Bean Validation provider could be found. Add a provider like Hibernate Validator (RI) to your classpath.
2025-03-16 00:02:24,317 INFO o.s.b.a.h.H2ConsoleAutoConfiguration$H2ConsoleLogger [restartedMain] H2 console available at '/h2-console'. Database available at 'jdbc:mysql://localhost:3306/game_tracker_db'
2025-03-16 00:02:24,337 INFO o.s.b.d.a.OptionalLiveReloadServer [restartedMain] LiveReload server is running on port 35729
2025-03-16 00:02:24,344 INFO o.a.j.l.DirectJDKLog [restartedMain] Starting ProtocolHandler ["http-nio-8080"]
2025-03-16 00:02:24,355 INFO o.s.b.w.e.t.TomcatWebServer [restartedMain] Tomcat started on port 8080 (http) with context path '/'
2025-03-16 00:02:24,359 INFO o.s.b.StartupInfoLogger [restartedMain] Started DemoApplication in 0.501 seconds (process running for 1769.889)
2025-03-16 00:02:24,360 INFO o.s.b.d.a.ConditionEvaluationDeltaLoggingListener [restartedMain] Condition evaluation unchanged
2025-03-16 00:05:11,420 INFO o.s.b.d.a.LocalDevToolsAutoConfiguration$RestartingClassPathChangeChangedEventListener [File Watcher] Restarting due to 1 class path change (0 additions, 0 deletions, 1 modification)
2025-03-16 00:05:11,427 INFO o.s.b.w.e.t.GracefulShutdown [Thread-11] Commencing graceful shutdown. Waiting for active requests to complete
2025-03-16 00:05:11,429 INFO o.a.j.l.DirectJDKLog [tomcat-shutdown] Pausing ProtocolHandler ["http-nio-8080"]
2025-03-16 00:05:12,437 INFO o.s.b.w.e.t.GracefulShutdown [tomcat-shutdown] Graceful shutdown complete
2025-03-16 00:05:12,438 INFO o.a.j.l.DirectJDKLog [Thread-11] Stopping ProtocolHandler ["http-nio-8080"]
2025-03-16 00:05:12,443 INFO o.s.o.j.AbstractEntityManagerFactoryBean [Thread-11] Closing JPA EntityManagerFactory for persistence unit 'default'
2025-03-16 00:05:12,446 INFO c.z.h.HikariDataSource [Thread-11] HikariPool-3 - Shutdown initiated...
2025-03-16 00:05:12,471 INFO c.z.h.HikariDataSource [Thread-11] HikariPool-3 - Shutdown completed.
2025-03-16 00:05:12,548 INFO o.s.b.StartupInfoLogger [restartedMain] Starting DemoApplication using Java 21.0.1 with PID 72231 (/Users/bryanpisciotti/Game-Tracker/Game Tracker/demo/target/classes started by bryanpisciotti in /Users/bryanpisciotti/Game-Tracker/Game Tracker/demo)
2025-03-16 00:05:12,548 DEBUG o.s.b.StartupInfoLogger [restartedMain] Running with Spring Boot v3.4.3, Spring v6.2.3
2025-03-16 00:05:12,548 INFO o.s.b.SpringApplication [restartedMain] No active profile set, falling back to 1 default profile: "default"
2025-03-16 00:05:12,606 INFO o.s.d.r.c.RepositoryConfigurationDelegate [restartedMain] Bootstrapping Spring Data JPA repositories in DEFAULT mode.
2025-03-16 00:05:12,610 INFO o.s.d.r.c.RepositoryConfigurationDelegate [restartedMain] Finished Spring Data repository scanning in 2 ms. Found 2 JPA repository interfaces.
2025-03-16 00:05:12,679 INFO o.s.b.w.e.t.TomcatWebServer [restartedMain] Tomcat initialized with port 8080 (http)
2025-03-16 00:05:12,679 INFO o.a.j.l.DirectJDKLog [restartedMain] Initializing ProtocolHandler ["http-nio-8080"]
2025-03-16 00:05:12,679 INFO o.a.j.l.DirectJDKLog [restartedMain] Starting service [Tomcat]
2025-03-16 00:05:12,679 INFO o.a.j.l.DirectJDKLog [restartedMain] Starting Servlet engine: [Apache Tomcat/10.1.36]
2025-03-16 00:05:12,685 INFO o.a.j.l.DirectJDKLog [restartedMain] Initializing Spring embedded WebApplicationContext
2025-03-16 00:05:12,685 INFO o.s.b.w.s.c.ServletWebServerApplicationContext [restartedMain] Root WebApplicationContext: initialization completed in 136 ms
2025-03-16 00:05:12,703 INFO o.h.j.i.u.LogHelper [restartedMain] HHH000204: Processing PersistenceUnitInfo [name: default]
2025-03-16 00:05:12,704 INFO o.h.c.i.RegionFactoryInitiator [restartedMain] HHH000026: Second-level cache disabled
2025-03-16 00:05:12,708 INFO o.s.o.j.p.SpringPersistenceUnitInfo [restartedMain] No LoadTimeWeaver setup: ignoring JPA class transformer
2025-03-16 00:05:12,708 INFO c.z.h.HikariDataSource [restartedMain] HikariPool-4 - Starting...
2025-03-16 00:05:12,722 INFO c.z.h.p.HikariPool [restartedMain] HikariPool-4 - Added connection com.mysql.cj.jdbc.ConnectionImpl@7bbda675
2025-03-16 00:05:12,722 INFO c.z.h.HikariDataSource [restartedMain] HikariPool-4 - Start completed.
2025-03-16 00:05:12,722 WARN o.h.e.j.d.i.DialectFactoryImpl [restartedMain] HHH90000025: MySQL8Dialect does not need to be specified explicitly using 'hibernate.dialect' (remove the property setting and it will be selected by default)
2025-03-16 00:05:12,723 WARN o.h.e.j.d.i.DialectFactoryImpl [restartedMain] HHH90000026: MySQL8Dialect has been deprecated; use org.hibernate.dialect.MySQLDialect instead
2025-03-16 00:05:12,723 INFO o.h.e.j.e.i.JdbcEnvironmentInitiator [restartedMain] HHH10001005: Database info:
	Database JDBC URL [Connecting through datasource 'HikariDataSource (HikariPool-4)']
	Database driver: undefined/unknown
	Database version: 8.0
	Autocommit mode: undefined/unknown
	Isolation level: undefined/unknown
	Minimum pool size: undefined/unknown
	Maximum pool size: undefined/unknown
2025-03-16 00:05:12,748 INFO o.h.e.t.j.p.i.JtaPlatformInitiator [restartedMain] HHH000489: No JTA platform available (set 'hibernate.transaction.jta.platform' to enable JTA platform integration)
2025-03-16 00:05:12,771 INFO o.s.o.j.AbstractEntityManagerFactoryBean [restartedMain] Initialized JPA EntityManagerFactory for persistence unit 'default'
2025-03-16 00:05:12,821 WARN o.s.b.a.o.j.JpaBaseConfiguration$JpaWebConfiguration [restartedMain] spring.jpa.open-in-view is enabled by default. Therefore, database queries may be performed during view rendering. Explicitly configure spring.jpa.open-in-view to disable this warning
2025-03-16 00:05:12,826 WARN o.s.b.a.s.s.UserDetailsServiceAutoConfiguration [restartedMain] 

Using generated security password: 2a587a67-09e1-40e8-a87f-06c01761abdb

This generated password is for development use only. Your security configuration must be updated before running your application in production.

2025-03-16 00:05:12,826 INFO o.s.s.c.a.a.c.InitializeUserDetailsBeanManagerConfigurer$InitializeUserDetailsManagerConfigurer [restartedMain] Global AuthenticationManager configured with UserDetailsService bean with name inMemoryUserDetailsManager
2025-03-16 00:05:12,868 INFO o.s.v.b.OptionalValidatorFactoryBean [restartedMain] Failed to set up a Bean Validation provider: jakarta.validation.NoProviderFoundException: Unable to create a Configuration, because no Jakarta Bean Validation provider could be found. Add a provider like Hibernate Validator (RI) to your classpath.
2025-03-16 00:05:12,888 INFO o.s.b.a.h.H2ConsoleAutoConfiguration$H2ConsoleLogger [restartedMain] H2 console available at '/h2-console'. Database available at 'jdbc:mysql://localhost:3306/game_tracker_db'
2025-03-16 00:05:12,894 INFO o.s.b.d.a.OptionalLiveReloadServer [restartedMain] LiveReload server is running on port 35729
2025-03-16 00:05:12,898 INFO o.a.j.l.DirectJDKLog [restartedMain] Starting ProtocolHandler ["http-nio-8080"]
2025-03-16 00:05:12,899 INFO o.s.b.w.e.t.TomcatWebServer [restartedMain] Tomcat started on port 8080 (http) with context path '/'
2025-03-16 00:05:12,901 INFO o.s.b.StartupInfoLogger [restartedMain] Started DemoApplication in 0.366 seconds (process running for 1938.411)
2025-03-16 00:05:12,902 INFO o.s.b.d.a.ConditionEvaluationDeltaLoggingListener [restartedMain] Condition evaluation unchanged
2025-03-16 00:06:17,994 INFO o.s.b.w.e.t.GracefulShutdown [SpringApplicationShutdownHook] Commencing graceful shutdown. Waiting for active requests to complete
2025-03-16 00:06:19,002 INFO o.s.b.w.e.t.GracefulShutdown [tomcat-shutdown] Graceful shutdown complete
2025-03-16 00:06:19,006 INFO o.s.o.j.AbstractEntityManagerFactoryBean [SpringApplicationShutdownHook] Closing JPA EntityManagerFactory for persistence unit 'default'
2025-03-16 00:06:19,008 INFO c.z.h.HikariDataSource [SpringApplicationShutdownHook] HikariPool-4 - Shutdown initiated...
2025-03-16 00:06:19,013 INFO c.z.h.HikariDataSource [SpringApplicationShutdownHook] HikariPool-4 - Shutdown completed.
2025-03-16 00:06:24,709 INFO o.s.b.StartupInfoLogger [restartedMain] Starting DemoApplication using Java 21.0.1 with PID 74785 (/Users/bryanpisciotti/Game-Tracker/Game Tracker/demo/target/classes started by bryanpisciotti in /Users/bryanpisciotti/Game-Tracker/Game Tracker/demo)
2025-03-16 00:06:24,709 DEBUG o.s.b.StartupInfoLogger [restartedMain] Running with Spring Boot v3.4.3, Spring v6.2.3
2025-03-16 00:06:24,710 INFO o.s.b.SpringApplication [restartedMain] No active profile set, falling back to 1 default profile: "default"
2025-03-16 00:06:24,732 INFO o.s.b.l.DeferredLog [restartedMain] Devtools property defaults active! Set 'spring.devtools.add-properties' to 'false' to disable
2025-03-16 00:06:24,732 INFO o.s.b.l.DeferredLog [restartedMain] For additional web related logging consider setting the 'logging.level.web' property to 'DEBUG'
2025-03-16 00:06:24,967 INFO o.s.d.r.c.RepositoryConfigurationDelegate [restartedMain] Bootstrapping Spring Data JPA repositories in DEFAULT mode.
2025-03-16 00:06:24,994 INFO o.s.d.r.c.RepositoryConfigurationDelegate [restartedMain] Finished Spring Data repository scanning in 23 ms. Found 2 JPA repository interfaces.
2025-03-16 00:06:25,408 INFO o.s.b.w.e.t.TomcatWebServer [restartedMain] Tomcat initialized with port 8080 (http)
2025-03-16 00:06:25,416 INFO o.a.j.l.DirectJDKLog [restartedMain] Initializing ProtocolHandler ["http-nio-8080"]
2025-03-16 00:06:25,418 INFO o.a.j.l.DirectJDKLog [restartedMain] Starting service [Tomcat]
2025-03-16 00:06:25,418 INFO o.a.j.l.DirectJDKLog [restartedMain] Starting Servlet engine: [Apache Tomcat/10.1.36]
2025-03-16 00:06:25,445 INFO o.a.j.l.DirectJDKLog [restartedMain] Initializing Spring embedded WebApplicationContext
2025-03-16 00:06:25,446 INFO o.s.b.w.s.c.ServletWebServerApplicationContext [restartedMain] Root WebApplicationContext: initialization completed in 713 ms
2025-03-16 00:06:25,531 INFO o.h.j.i.u.LogHelper [restartedMain] HHH000204: Processing PersistenceUnitInfo [name: default]
2025-03-16 00:06:25,561 INFO o.h.Version [restartedMain] HHH000412: Hibernate ORM core version 6.6.8.Final
2025-03-16 00:06:25,576 INFO o.h.c.i.RegionFactoryInitiator [restartedMain] HHH000026: Second-level cache disabled
2025-03-16 00:06:25,709 INFO o.s.o.j.p.SpringPersistenceUnitInfo [restartedMain] No LoadTimeWeaver setup: ignoring JPA class transformer
2025-03-16 00:06:25,724 INFO c.z.h.HikariDataSource [restartedMain] HikariPool-1 - Starting...
2025-03-16 00:06:25,914 INFO c.z.h.p.HikariPool [restartedMain] HikariPool-1 - Added connection com.mysql.cj.jdbc.ConnectionImpl@6d24580e
2025-03-16 00:06:25,915 INFO c.z.h.HikariDataSource [restartedMain] HikariPool-1 - Start completed.
2025-03-16 00:06:25,939 WARN o.h.e.j.d.i.DialectFactoryImpl [restartedMain] HHH90000025: MySQL8Dialect does not need to be specified explicitly using 'hibernate.dialect' (remove the property setting and it will be selected by default)
2025-03-16 00:06:25,939 WARN o.h.e.j.d.i.DialectFactoryImpl [restartedMain] HHH90000026: MySQL8Dialect has been deprecated; use org.hibernate.dialect.MySQLDialect instead
2025-03-16 00:06:25,946 INFO o.h.e.j.e.i.JdbcEnvironmentInitiator [restartedMain] HHH10001005: Database info:
	Database JDBC URL [Connecting through datasource 'HikariDataSource (HikariPool-1)']
	Database driver: undefined/unknown
	Database version: 8.0
	Autocommit mode: undefined/unknown
	Isolation level: undefined/unknown
	Minimum pool size: undefined/unknown
	Maximum pool size: undefined/unknown
2025-03-16 00:06:26,329 INFO o.h.e.t.j.p.i.JtaPlatformInitiator [restartedMain] HHH000489: No JTA platform available (set 'hibernate.transaction.jta.platform' to enable JTA platform integration)
2025-03-16 00:06:26,382 INFO o.s.o.j.AbstractEntityManagerFactoryBean [restartedMain] Initialized JPA EntityManagerFactory for persistence unit 'default'
2025-03-16 00:06:26,581 WARN o.s.b.a.o.j.JpaBaseConfiguration$JpaWebConfiguration [restartedMain] spring.jpa.open-in-view is enabled by default. Therefore, database queries may be performed during view rendering. Explicitly configure spring.jpa.open-in-view to disable this warning
2025-03-16 00:06:26,590 WARN o.s.b.a.s.s.UserDetailsServiceAutoConfiguration [restartedMain] 

Using generated security password: 47fe0020-bdc4-454f-a08a-ba904ee6f3c1

This generated password is for development use only. Your security configuration must be updated before running your application in production.

2025-03-16 00:06:26,597 INFO o.s.s.c.a.a.c.InitializeUserDetailsBeanManagerConfigurer$InitializeUserDetailsManagerConfigurer [restartedMain] Global AuthenticationManager configured with UserDetailsService bean with name inMemoryUserDetailsManager
2025-03-16 00:06:26,752 INFO o.s.v.b.OptionalValidatorFactoryBean [restartedMain] Failed to set up a Bean Validation provider: jakarta.validation.NoProviderFoundException: Unable to create a Configuration, because no Jakarta Bean Validation provider could be found. Add a provider like Hibernate Validator (RI) to your classpath.
2025-03-16 00:06:26,833 INFO o.s.b.a.h.H2ConsoleAutoConfiguration$H2ConsoleLogger [restartedMain] H2 console available at '/h2-console'. Database available at 'jdbc:mysql://localhost:3306/game_tracker_db'
2025-03-16 00:06:26,858 INFO o.s.b.d.a.OptionalLiveReloadServer [restartedMain] LiveReload server is running on port 35729
2025-03-16 00:06:26,867 INFO o.a.j.l.DirectJDKLog [restartedMain] Starting ProtocolHandler ["http-nio-8080"]
2025-03-16 00:06:26,876 INFO o.s.b.w.e.t.TomcatWebServer [restartedMain] Tomcat started on port 8080 (http) with context path '/'
2025-03-16 00:06:26,882 INFO o.s.b.StartupInfoLogger [restartedMain] Started DemoApplication in 2.392 seconds (process running for 2.58)
2025-03-16 00:07:21,326 INFO o.a.j.l.DirectJDKLog [http-nio-8080-exec-2] Initializing Spring DispatcherServlet 'dispatcherServlet'
2025-03-16 00:07:21,326 INFO o.s.w.s.FrameworkServlet [http-nio-8080-exec-2] Initializing Servlet 'dispatcherServlet'
2025-03-16 00:07:21,329 INFO o.s.w.s.FrameworkServlet [http-nio-8080-exec-2] Completed initialization in 2 ms
2025-03-16 00:17:17,896 WARN o.s.w.s.h.AbstractHandlerExceptionResolver [http-nio-8080-exec-8] Resolved [org.springframework.web.servlet.resource.NoResourceFoundException: No static resource api/users.]
2025-03-16 00:17:46,876 WARN o.s.w.s.h.AbstractHandlerExceptionResolver [http-nio-8080-exec-10] Resolved [org.springframework.web.servlet.resource.NoResourceFoundException: No static resource api/users.]
2025-03-16 00:18:54,238 WARN o.s.w.s.h.AbstractHandlerExceptionResolver [http-nio-8080-exec-6] Resolved [org.springframework.web.method.annotation.MethodArgumentTypeMismatchException: Method parameter 'id': Failed to convert value of type 'java.lang.String' to required type 'java.lang.Long'; For input string: "register"]
2025-03-22 17:56:20,976 INFO o.h.v.i.u.Version [background-preinit] HV000001: Hibernate Validator 8.0.1.Final
2025-03-22 17:56:21,004 INFO o.s.b.StartupInfoLogger [restartedMain] Starting DemoApplication using Java 21.0.2 with PID 17029 (/Users/benschwarz/Documents/GamesApp/Game-Tracker/Game Tracker/demo/target/classes started by benschwarz in /Users/benschwarz/Documents/GamesApp/Game-Tracker/Game Tracker/demo)
2025-03-22 17:56:21,005 DEBUG o.s.b.StartupInfoLogger [restartedMain] Running with Spring Boot v3.4.3, Spring v6.2.3
2025-03-22 17:56:21,005 INFO o.s.b.SpringApplication [restartedMain] No active profile set, falling back to 1 default profile: "default"
2025-03-22 17:56:21,029 INFO o.s.b.l.DeferredLog [restartedMain] Devtools property defaults active! Set 'spring.devtools.add-properties' to 'false' to disable
2025-03-22 17:56:21,030 INFO o.s.b.l.DeferredLog [restartedMain] For additional web related logging consider setting the 'logging.level.web' property to 'DEBUG'
2025-03-22 17:56:21,332 INFO o.s.d.r.c.RepositoryConfigurationDelegate [restartedMain] Bootstrapping Spring Data JPA repositories in DEFAULT mode.
2025-03-22 17:56:21,353 INFO o.s.d.r.c.RepositoryConfigurationDelegate [restartedMain] Finished Spring Data repository scanning in 16 ms. Found 2 JPA repository interfaces.
2025-03-22 17:56:21,716 INFO o.s.b.w.e.t.TomcatWebServer [restartedMain] Tomcat initialized with port 8080 (http)
2025-03-22 17:56:21,723 INFO o.a.j.l.DirectJDKLog [restartedMain] Initializing ProtocolHandler ["http-nio-8080"]
2025-03-22 17:56:21,724 INFO o.a.j.l.DirectJDKLog [restartedMain] Starting service [Tomcat]
2025-03-22 17:56:21,724 INFO o.a.j.l.DirectJDKLog [restartedMain] Starting Servlet engine: [Apache Tomcat/10.1.36]
2025-03-22 17:56:21,742 INFO o.a.j.l.DirectJDKLog [restartedMain] Initializing Spring embedded WebApplicationContext
2025-03-22 17:56:21,743 INFO o.s.b.w.s.c.ServletWebServerApplicationContext [restartedMain] Root WebApplicationContext: initialization completed in 713 ms
2025-03-22 17:56:21,812 INFO o.h.j.i.u.LogHelper [restartedMain] HHH000204: Processing PersistenceUnitInfo [name: default]
2025-03-22 17:56:21,836 INFO o.h.Version [restartedMain] HHH000412: Hibernate ORM core version 6.6.8.Final
2025-03-22 17:56:21,851 INFO o.h.c.i.RegionFactoryInitiator [restartedMain] HHH000026: Second-level cache disabled
2025-03-22 17:56:21,969 INFO o.s.o.j.p.SpringPersistenceUnitInfo [restartedMain] No LoadTimeWeaver setup: ignoring JPA class transformer
2025-03-22 17:56:21,982 INFO c.z.h.HikariDataSource [restartedMain] HikariPool-1 - Starting...
2025-03-22 17:56:22,063 INFO c.z.h.p.HikariPool [restartedMain] HikariPool-1 - Added connection conn0: url=jdbc:h2:mem:testdb user=SA
2025-03-22 17:56:22,064 INFO c.z.h.HikariDataSource [restartedMain] HikariPool-1 - Start completed.
2025-03-22 17:56:22,077 WARN o.h.e.j.d.i.DialectFactoryImpl [restartedMain] HHH90000025: H2Dialect does not need to be specified explicitly using 'hibernate.dialect' (remove the property setting and it will be selected by default)
2025-03-22 17:56:22,085 INFO o.h.e.j.e.i.JdbcEnvironmentInitiator [restartedMain] HHH10001005: Database info:
	Database JDBC URL [Connecting through datasource 'HikariDataSource (HikariPool-1)']
	Database driver: undefined/unknown
	Database version: 2.3.232
	Autocommit mode: undefined/unknown
	Isolation level: undefined/unknown
	Minimum pool size: undefined/unknown
	Maximum pool size: undefined/unknown
2025-03-22 17:56:22,472 INFO o.h.e.t.j.p.i.JtaPlatformInitiator [restartedMain] HHH000489: No JTA platform available (set 'hibernate.transaction.jta.platform' to enable JTA platform integration)
2025-03-22 17:56:22,500 INFO o.s.o.j.AbstractEntityManagerFactoryBean [restartedMain] Initialized JPA EntityManagerFactory for persistence unit 'default'
2025-03-22 17:56:22,692 WARN o.s.b.a.o.j.JpaBaseConfiguration$JpaWebConfiguration [restartedMain] spring.jpa.open-in-view is enabled by default. Therefore, database queries may be performed during view rendering. Explicitly configure spring.jpa.open-in-view to disable this warning
2025-03-22 17:56:22,700 WARN o.s.b.a.s.s.UserDetailsServiceAutoConfiguration [restartedMain] 

Using generated security password: e0e30ef3-9aa1-40d1-a84d-a42d43f52dcb

This generated password is for development use only. Your security configuration must be updated before running your application in production.

2025-03-22 17:56:22,713 INFO o.s.s.c.a.a.c.InitializeUserDetailsBeanManagerConfigurer$InitializeUserDetailsManagerConfigurer [restartedMain] Global AuthenticationManager configured with UserDetailsService bean with name inMemoryUserDetailsManager
2025-03-22 17:56:22,923 INFO o.s.b.a.h.H2ConsoleAutoConfiguration$H2ConsoleLogger [restartedMain] H2 console available at '/h2-console'. Database available at 'jdbc:h2:mem:testdb'
2025-03-22 17:56:22,953 INFO o.s.b.d.a.OptionalLiveReloadServer [restartedMain] LiveReload server is running on port 35729
2025-03-22 17:56:22,962 INFO o.a.j.l.DirectJDKLog [restartedMain] Starting ProtocolHandler ["http-nio-8080"]
2025-03-22 17:56:22,970 INFO o.s.b.w.e.t.TomcatWebServer [restartedMain] Tomcat started on port 8080 (http) with context path '/'
2025-03-22 17:56:22,975 INFO o.s.b.StartupInfoLogger [restartedMain] Started DemoApplication in 2.195 seconds (process running for 2.386)
2025-03-22 17:56:29,149 INFO o.a.j.l.DirectJDKLog [http-nio-8080-exec-1] Initializing Spring DispatcherServlet 'dispatcherServlet'
2025-03-22 17:56:29,149 INFO o.s.w.s.FrameworkServlet [http-nio-8080-exec-1] Initializing Servlet 'dispatcherServlet'
2025-03-22 17:56:29,150 INFO o.s.w.s.FrameworkServlet [http-nio-8080-exec-1] Completed initialization in 1 ms
2025-03-22 17:56:35,560 INFO o.s.b.w.e.t.GracefulShutdown [SpringApplicationShutdownHook] Commencing graceful shutdown. Waiting for active requests to complete
2025-03-22 17:56:35,573 INFO o.s.b.w.e.t.GracefulShutdown [tomcat-shutdown] Graceful shutdown complete
2025-03-22 17:56:35,577 INFO o.s.o.j.AbstractEntityManagerFactoryBean [SpringApplicationShutdownHook] Closing JPA EntityManagerFactory for persistence unit 'default'
2025-03-22 17:56:35,583 WARN o.s.b.f.s.DisposableBeanAdapter [SpringApplicationShutdownHook] Invocation of destroy method failed on bean with name 'inMemoryDatabaseShutdownExecutor': org.h2.jdbc.JdbcSQLNonTransientConnectionException: Database is already closed (to disable automatic closing at VM shutdown, add ";DB_CLOSE_ON_EXIT=FALSE" to the db URL) [90121-232]
2025-03-22 17:56:35,583 INFO c.z.h.HikariDataSource [SpringApplicationShutdownHook] HikariPool-1 - Shutdown initiated...
2025-03-22 17:56:35,585 INFO c.z.h.HikariDataSource [SpringApplicationShutdownHook] HikariPool-1 - Shutdown completed.
2025-03-23 10:42:50,055 INFO o.h.v.i.u.Version [background-preinit] HV000001: Hibernate Validator 8.0.1.Final
2025-03-23 10:42:50,083 INFO o.s.b.StartupInfoLogger [restartedMain] Starting DemoApplication using Java 21.0.2 with PID 20672 (/Users/benschwarz/Documents/GitHub/Game-Tracker/Game Tracker/demo/target/classes started by benschwarz in /Users/benschwarz/Documents/GitHub/Game-Tracker/Game Tracker/demo)
2025-03-23 10:42:50,083 DEBUG o.s.b.StartupInfoLogger [restartedMain] Running with Spring Boot v3.4.3, Spring v6.2.3
2025-03-23 10:42:50,083 INFO o.s.b.SpringApplication [restartedMain] No active profile set, falling back to 1 default profile: "default"
2025-03-23 10:42:50,107 INFO o.s.b.l.DeferredLog [restartedMain] Devtools property defaults active! Set 'spring.devtools.add-properties' to 'false' to disable
2025-03-23 10:42:50,108 INFO o.s.b.l.DeferredLog [restartedMain] For additional web related logging consider setting the 'logging.level.web' property to 'DEBUG'
2025-03-23 10:42:50,352 INFO o.s.d.r.c.RepositoryConfigurationDelegate [restartedMain] Bootstrapping Spring Data JPA repositories in DEFAULT mode.
2025-03-23 10:42:50,371 INFO o.s.d.r.c.RepositoryConfigurationDelegate [restartedMain] Finished Spring Data repository scanning in 15 ms. Found 2 JPA repository interfaces.
2025-03-23 10:42:50,734 INFO o.s.b.w.e.t.TomcatWebServer [restartedMain] Tomcat initialized with port 8080 (http)
2025-03-23 10:42:50,741 INFO o.a.j.l.DirectJDKLog [restartedMain] Initializing ProtocolHandler ["http-nio-8080"]
2025-03-23 10:42:50,742 INFO o.a.j.l.DirectJDKLog [restartedMain] Starting service [Tomcat]
2025-03-23 10:42:50,742 INFO o.a.j.l.DirectJDKLog [restartedMain] Starting Servlet engine: [Apache Tomcat/10.1.36]
2025-03-23 10:42:50,759 INFO o.a.j.l.DirectJDKLog [restartedMain] Initializing Spring embedded WebApplicationContext
2025-03-23 10:42:50,759 INFO o.s.b.w.s.c.ServletWebServerApplicationContext [restartedMain] Root WebApplicationContext: initialization completed in 651 ms
2025-03-23 10:42:50,833 INFO o.h.j.i.u.LogHelper [restartedMain] HHH000204: Processing PersistenceUnitInfo [name: default]
2025-03-23 10:42:50,860 INFO o.h.Version [restartedMain] HHH000412: Hibernate ORM core version 6.6.8.Final
2025-03-23 10:42:50,875 INFO o.h.c.i.RegionFactoryInitiator [restartedMain] HHH000026: Second-level cache disabled
2025-03-23 10:42:50,992 INFO o.s.o.j.p.SpringPersistenceUnitInfo [restartedMain] No LoadTimeWeaver setup: ignoring JPA class transformer
2025-03-23 10:42:51,005 INFO c.z.h.HikariDataSource [restartedMain] HikariPool-1 - Starting...
2025-03-23 10:42:51,086 INFO c.z.h.p.HikariPool [restartedMain] HikariPool-1 - Added connection conn0: url=jdbc:h2:mem:testdb user=SA
2025-03-23 10:42:51,086 INFO c.z.h.HikariDataSource [restartedMain] HikariPool-1 - Start completed.
2025-03-23 10:42:51,099 WARN o.h.e.j.d.i.DialectFactoryImpl [restartedMain] HHH90000025: H2Dialect does not need to be specified explicitly using 'hibernate.dialect' (remove the property setting and it will be selected by default)
2025-03-23 10:42:51,106 INFO o.h.e.j.e.i.JdbcEnvironmentInitiator [restartedMain] HHH10001005: Database info:
	Database JDBC URL [Connecting through datasource 'HikariDataSource (HikariPool-1)']
	Database driver: undefined/unknown
	Database version: 2.3.232
	Autocommit mode: undefined/unknown
	Isolation level: undefined/unknown
	Minimum pool size: undefined/unknown
	Maximum pool size: undefined/unknown
2025-03-23 10:42:51,487 INFO o.h.e.t.j.p.i.JtaPlatformInitiator [restartedMain] HHH000489: No JTA platform available (set 'hibernate.transaction.jta.platform' to enable JTA platform integration)
2025-03-23 10:42:51,514 INFO o.s.o.j.AbstractEntityManagerFactoryBean [restartedMain] Initialized JPA EntityManagerFactory for persistence unit 'default'
2025-03-23 10:42:51,718 WARN o.s.b.a.o.j.JpaBaseConfiguration$JpaWebConfiguration [restartedMain] spring.jpa.open-in-view is enabled by default. Therefore, database queries may be performed during view rendering. Explicitly configure spring.jpa.open-in-view to disable this warning
2025-03-23 10:42:51,726 WARN o.s.b.a.s.s.UserDetailsServiceAutoConfiguration [restartedMain] 

Using generated security password: a3878ec7-6853-4e86-b13d-9c7807bccd23

This generated password is for development use only. Your security configuration must be updated before running your application in production.

2025-03-23 10:42:51,739 INFO o.s.s.c.a.a.c.InitializeUserDetailsBeanManagerConfigurer$InitializeUserDetailsManagerConfigurer [restartedMain] Global AuthenticationManager configured with UserDetailsService bean with name inMemoryUserDetailsManager
2025-03-23 10:42:51,960 INFO o.s.b.a.h.H2ConsoleAutoConfiguration$H2ConsoleLogger [restartedMain] H2 console available at '/h2-console'. Database available at 'jdbc:h2:mem:testdb'
2025-03-23 10:42:51,989 INFO o.s.b.d.a.OptionalLiveReloadServer [restartedMain] LiveReload server is running on port 35729
2025-03-23 10:42:51,998 INFO o.a.j.l.DirectJDKLog [restartedMain] Starting ProtocolHandler ["http-nio-8080"]
2025-03-23 10:42:52,005 INFO o.s.b.w.e.t.TomcatWebServer [restartedMain] Tomcat started on port 8080 (http) with context path '/'
2025-03-23 10:42:52,011 INFO o.s.b.StartupInfoLogger [restartedMain] Started DemoApplication in 2.142 seconds (process running for 2.316)
2025-03-23 10:43:04,444 INFO o.a.j.l.DirectJDKLog [http-nio-8080-exec-1] Initializing Spring DispatcherServlet 'dispatcherServlet'
2025-03-23 10:43:04,445 INFO o.s.w.s.FrameworkServlet [http-nio-8080-exec-1] Initializing Servlet 'dispatcherServlet'
2025-03-23 10:43:04,449 INFO o.s.w.s.FrameworkServlet [http-nio-8080-exec-1] Completed initialization in 4 ms
2025-03-23 11:00:15,702 INFO o.s.b.w.e.t.GracefulShutdown [SpringApplicationShutdownHook] Commencing graceful shutdown. Waiting for active requests to complete
2025-03-23 11:00:15,724 INFO o.s.b.w.e.t.GracefulShutdown [tomcat-shutdown] Graceful shutdown complete
2025-03-23 11:00:15,730 INFO o.s.o.j.AbstractEntityManagerFactoryBean [SpringApplicationShutdownHook] Closing JPA EntityManagerFactory for persistence unit 'default'
2025-03-23 11:00:15,744 WARN o.s.b.f.s.DisposableBeanAdapter [SpringApplicationShutdownHook] Invocation of destroy method failed on bean with name 'inMemoryDatabaseShutdownExecutor': org.h2.jdbc.JdbcSQLNonTransientConnectionException: Database is already closed (to disable automatic closing at VM shutdown, add ";DB_CLOSE_ON_EXIT=FALSE" to the db URL) [90121-232]
2025-03-23 11:00:15,746 INFO c.z.h.HikariDataSource [SpringApplicationShutdownHook] HikariPool-1 - Shutdown initiated...
2025-03-23 11:00:15,747 INFO c.z.h.HikariDataSource [SpringApplicationShutdownHook] HikariPool-1 - Shutdown completed.
2025-03-23 11:00:20,716 INFO o.h.v.i.u.Version [background-preinit] HV000001: Hibernate Validator 8.0.1.Final
2025-03-23 11:00:20,744 INFO o.s.b.StartupInfoLogger [restartedMain] Starting DemoApplication using Java 21.0.2 with PID 21308 (/Users/benschwarz/Documents/GitHub/Game-Tracker/Game Tracker/demo/target/classes started by benschwarz in /Users/benschwarz/Documents/GitHub/Game-Tracker/Game Tracker/demo)
2025-03-23 11:00:20,744 DEBUG o.s.b.StartupInfoLogger [restartedMain] Running with Spring Boot v3.4.3, Spring v6.2.3
2025-03-23 11:00:20,744 INFO o.s.b.SpringApplication [restartedMain] No active profile set, falling back to 1 default profile: "default"
2025-03-23 11:00:20,768 INFO o.s.b.l.DeferredLog [restartedMain] Devtools property defaults active! Set 'spring.devtools.add-properties' to 'false' to disable
2025-03-23 11:00:20,768 INFO o.s.b.l.DeferredLog [restartedMain] For additional web related logging consider setting the 'logging.level.web' property to 'DEBUG'
2025-03-23 11:00:21,015 INFO o.s.d.r.c.RepositoryConfigurationDelegate [restartedMain] Bootstrapping Spring Data JPA repositories in DEFAULT mode.
2025-03-23 11:00:21,034 INFO o.s.d.r.c.RepositoryConfigurationDelegate [restartedMain] Finished Spring Data repository scanning in 15 ms. Found 2 JPA repository interfaces.
2025-03-23 11:00:21,501 INFO o.s.b.w.e.t.TomcatWebServer [restartedMain] Tomcat initialized with port 8080 (http)
2025-03-23 11:00:21,520 INFO o.a.j.l.DirectJDKLog [restartedMain] Initializing ProtocolHandler ["http-nio-8080"]
2025-03-23 11:00:21,522 INFO o.a.j.l.DirectJDKLog [restartedMain] Starting service [Tomcat]
2025-03-23 11:00:21,522 INFO o.a.j.l.DirectJDKLog [restartedMain] Starting Servlet engine: [Apache Tomcat/10.1.36]
2025-03-23 11:00:21,540 INFO o.a.j.l.DirectJDKLog [restartedMain] Initializing Spring embedded WebApplicationContext
2025-03-23 11:00:21,540 INFO o.s.b.w.s.c.ServletWebServerApplicationContext [restartedMain] Root WebApplicationContext: initialization completed in 771 ms
2025-03-23 11:00:21,618 INFO o.h.j.i.u.LogHelper [restartedMain] HHH000204: Processing PersistenceUnitInfo [name: default]
2025-03-23 11:00:21,644 INFO o.h.Version [restartedMain] HHH000412: Hibernate ORM core version 6.6.8.Final
2025-03-23 11:00:21,665 INFO o.h.c.i.RegionFactoryInitiator [restartedMain] HHH000026: Second-level cache disabled
2025-03-23 11:00:21,789 INFO o.s.o.j.p.SpringPersistenceUnitInfo [restartedMain] No LoadTimeWeaver setup: ignoring JPA class transformer
2025-03-23 11:00:21,803 INFO c.z.h.HikariDataSource [restartedMain] HikariPool-1 - Starting...
2025-03-23 11:00:21,895 INFO c.z.h.p.HikariPool [restartedMain] HikariPool-1 - Added connection conn0: url=jdbc:h2:mem:testdb user=SA
2025-03-23 11:00:21,896 INFO c.z.h.HikariDataSource [restartedMain] HikariPool-1 - Start completed.
2025-03-23 11:00:21,909 WARN o.h.e.j.d.i.DialectFactoryImpl [restartedMain] HHH90000025: H2Dialect does not need to be specified explicitly using 'hibernate.dialect' (remove the property setting and it will be selected by default)
2025-03-23 11:00:21,917 INFO o.h.e.j.e.i.JdbcEnvironmentInitiator [restartedMain] HHH10001005: Database info:
	Database JDBC URL [Connecting through datasource 'HikariDataSource (HikariPool-1)']
	Database driver: undefined/unknown
	Database version: 2.3.232
	Autocommit mode: undefined/unknown
	Isolation level: undefined/unknown
	Minimum pool size: undefined/unknown
	Maximum pool size: undefined/unknown
2025-03-23 11:00:22,316 INFO o.h.e.t.j.p.i.JtaPlatformInitiator [restartedMain] HHH000489: No JTA platform available (set 'hibernate.transaction.jta.platform' to enable JTA platform integration)
2025-03-23 11:00:22,337 INFO o.s.o.j.AbstractEntityManagerFactoryBean [restartedMain] Initialized JPA EntityManagerFactory for persistence unit 'default'
2025-03-23 11:00:22,527 WARN o.s.b.a.o.j.JpaBaseConfiguration$JpaWebConfiguration [restartedMain] spring.jpa.open-in-view is enabled by default. Therefore, database queries may be performed during view rendering. Explicitly configure spring.jpa.open-in-view to disable this warning
2025-03-23 11:00:22,535 WARN o.s.b.a.s.s.UserDetailsServiceAutoConfiguration [restartedMain] 

Using generated security password: c97ac1eb-84c2-41d7-aa90-6d05a38253ce

This generated password is for development use only. Your security configuration must be updated before running your application in production.

2025-03-23 11:00:22,548 INFO o.s.s.c.a.a.c.InitializeUserDetailsBeanManagerConfigurer$InitializeUserDetailsManagerConfigurer [restartedMain] Global AuthenticationManager configured with UserDetailsService bean with name inMemoryUserDetailsManager
2025-03-23 11:00:22,758 INFO o.s.b.a.h.H2ConsoleAutoConfiguration$H2ConsoleLogger [restartedMain] H2 console available at '/h2-console'. Database available at 'jdbc:h2:mem:testdb'
2025-03-23 11:00:22,788 INFO o.s.b.d.a.OptionalLiveReloadServer [restartedMain] LiveReload server is running on port 35729
2025-03-23 11:00:22,797 INFO o.a.j.l.DirectJDKLog [restartedMain] Starting ProtocolHandler ["http-nio-8080"]
2025-03-23 11:00:22,805 INFO o.s.b.w.e.t.TomcatWebServer [restartedMain] Tomcat started on port 8080 (http) with context path '/'
2025-03-23 11:00:22,811 INFO o.s.b.StartupInfoLogger [restartedMain] Started DemoApplication in 2.284 seconds (process running for 2.467)
2025-03-23 11:00:26,541 INFO o.a.j.l.DirectJDKLog [http-nio-8080-exec-1] Initializing Spring DispatcherServlet 'dispatcherServlet'
2025-03-23 11:00:26,543 INFO o.s.w.s.FrameworkServlet [http-nio-8080-exec-1] Initializing Servlet 'dispatcherServlet'
2025-03-23 11:00:26,545 INFO o.s.w.s.FrameworkServlet [http-nio-8080-exec-1] Completed initialization in 2 ms
2025-03-23 11:20:12,163 INFO o.s.b.w.e.t.GracefulShutdown [SpringApplicationShutdownHook] Commencing graceful shutdown. Waiting for active requests to complete
2025-03-23 11:20:12,195 INFO o.s.b.w.e.t.GracefulShutdown [tomcat-shutdown] Graceful shutdown complete
2025-03-23 11:20:12,202 INFO o.s.o.j.AbstractEntityManagerFactoryBean [SpringApplicationShutdownHook] Closing JPA EntityManagerFactory for persistence unit 'default'
2025-03-23 11:20:12,214 WARN o.s.b.f.s.DisposableBeanAdapter [SpringApplicationShutdownHook] Invocation of destroy method failed on bean with name 'inMemoryDatabaseShutdownExecutor': org.h2.jdbc.JdbcSQLNonTransientConnectionException: Database is already closed (to disable automatic closing at VM shutdown, add ";DB_CLOSE_ON_EXIT=FALSE" to the db URL) [90121-232]
2025-03-23 11:20:12,215 INFO c.z.h.HikariDataSource [SpringApplicationShutdownHook] HikariPool-1 - Shutdown initiated...
2025-03-23 11:20:12,216 INFO c.z.h.HikariDataSource [SpringApplicationShutdownHook] HikariPool-1 - Shutdown completed.
2025-03-23 11:20:15,984 INFO o.h.v.i.u.Version [background-preinit] HV000001: Hibernate Validator 8.0.1.Final
2025-03-23 11:20:16,013 INFO o.s.b.StartupInfoLogger [restartedMain] Starting DemoApplication using Java 21.0.2 with PID 22364 (/Users/benschwarz/Documents/GitHub/Game-Tracker/Game Tracker/demo/target/classes started by benschwarz in /Users/benschwarz/Documents/GitHub/Game-Tracker/Game Tracker/demo)
2025-03-23 11:20:16,013 DEBUG o.s.b.StartupInfoLogger [restartedMain] Running with Spring Boot v3.4.3, Spring v6.2.3
2025-03-23 11:20:16,013 INFO o.s.b.SpringApplication [restartedMain] No active profile set, falling back to 1 default profile: "default"
2025-03-23 11:20:16,038 INFO o.s.b.l.DeferredLog [restartedMain] Devtools property defaults active! Set 'spring.devtools.add-properties' to 'false' to disable
2025-03-23 11:20:16,038 INFO o.s.b.l.DeferredLog [restartedMain] For additional web related logging consider setting the 'logging.level.web' property to 'DEBUG'
2025-03-23 11:20:16,281 INFO o.s.d.r.c.RepositoryConfigurationDelegate [restartedMain] Bootstrapping Spring Data JPA repositories in DEFAULT mode.
2025-03-23 11:20:16,301 INFO o.s.d.r.c.RepositoryConfigurationDelegate [restartedMain] Finished Spring Data repository scanning in 15 ms. Found 2 JPA repository interfaces.
2025-03-23 11:20:16,659 INFO o.s.b.w.e.t.TomcatWebServer [restartedMain] Tomcat initialized with port 8080 (http)
2025-03-23 11:20:16,666 INFO o.a.j.l.DirectJDKLog [restartedMain] Initializing ProtocolHandler ["http-nio-8080"]
2025-03-23 11:20:16,667 INFO o.a.j.l.DirectJDKLog [restartedMain] Starting service [Tomcat]
2025-03-23 11:20:16,667 INFO o.a.j.l.DirectJDKLog [restartedMain] Starting Servlet engine: [Apache Tomcat/10.1.36]
2025-03-23 11:20:16,684 INFO o.a.j.l.DirectJDKLog [restartedMain] Initializing Spring embedded WebApplicationContext
2025-03-23 11:20:16,685 INFO o.s.b.w.s.c.ServletWebServerApplicationContext [restartedMain] Root WebApplicationContext: initialization completed in 646 ms
2025-03-23 11:20:16,752 INFO o.h.j.i.u.LogHelper [restartedMain] HHH000204: Processing PersistenceUnitInfo [name: default]
2025-03-23 11:20:16,776 INFO o.h.Version [restartedMain] HHH000412: Hibernate ORM core version 6.6.8.Final
2025-03-23 11:20:16,790 INFO o.h.c.i.RegionFactoryInitiator [restartedMain] HHH000026: Second-level cache disabled
2025-03-23 11:20:16,904 INFO o.s.o.j.p.SpringPersistenceUnitInfo [restartedMain] No LoadTimeWeaver setup: ignoring JPA class transformer
2025-03-23 11:20:16,918 INFO c.z.h.HikariDataSource [restartedMain] HikariPool-1 - Starting...
2025-03-23 11:20:17,000 INFO c.z.h.p.HikariPool [restartedMain] HikariPool-1 - Added connection conn0: url=jdbc:h2:mem:testdb user=SA
2025-03-23 11:20:17,001 INFO c.z.h.HikariDataSource [restartedMain] HikariPool-1 - Start completed.
2025-03-23 11:20:17,013 WARN o.h.e.j.d.i.DialectFactoryImpl [restartedMain] HHH90000025: H2Dialect does not need to be specified explicitly using 'hibernate.dialect' (remove the property setting and it will be selected by default)
2025-03-23 11:20:17,020 INFO o.h.e.j.e.i.JdbcEnvironmentInitiator [restartedMain] HHH10001005: Database info:
	Database JDBC URL [Connecting through datasource 'HikariDataSource (HikariPool-1)']
	Database driver: undefined/unknown
	Database version: 2.3.232
	Autocommit mode: undefined/unknown
	Isolation level: undefined/unknown
	Minimum pool size: undefined/unknown
	Maximum pool size: undefined/unknown
2025-03-23 11:20:17,399 INFO o.h.e.t.j.p.i.JtaPlatformInitiator [restartedMain] HHH000489: No JTA platform available (set 'hibernate.transaction.jta.platform' to enable JTA platform integration)
2025-03-23 11:20:17,425 INFO o.s.o.j.AbstractEntityManagerFactoryBean [restartedMain] Initialized JPA EntityManagerFactory for persistence unit 'default'
2025-03-23 11:20:17,635 WARN o.s.b.a.o.j.JpaBaseConfiguration$JpaWebConfiguration [restartedMain] spring.jpa.open-in-view is enabled by default. Therefore, database queries may be performed during view rendering. Explicitly configure spring.jpa.open-in-view to disable this warning
2025-03-23 11:20:17,643 WARN o.s.b.a.s.s.UserDetailsServiceAutoConfiguration [restartedMain] 

Using generated security password: 454a42e8-9835-457c-b1bc-52bc8dae11b2

This generated password is for development use only. Your security configuration must be updated before running your application in production.

2025-03-23 11:20:17,657 INFO o.s.s.c.a.a.c.InitializeUserDetailsBeanManagerConfigurer$InitializeUserDetailsManagerConfigurer [restartedMain] Global AuthenticationManager configured with UserDetailsService bean with name inMemoryUserDetailsManager
2025-03-23 11:20:17,866 INFO o.s.b.a.h.H2ConsoleAutoConfiguration$H2ConsoleLogger [restartedMain] H2 console available at '/h2-console'. Database available at 'jdbc:h2:mem:testdb'
2025-03-23 11:20:17,896 INFO o.s.b.d.a.OptionalLiveReloadServer [restartedMain] LiveReload server is running on port 35729
2025-03-23 11:20:17,904 INFO o.a.j.l.DirectJDKLog [restartedMain] Starting ProtocolHandler ["http-nio-8080"]
2025-03-23 11:20:17,912 INFO o.s.b.w.e.t.TomcatWebServer [restartedMain] Tomcat started on port 8080 (http) with context path '/'
2025-03-23 11:20:17,917 INFO o.s.b.StartupInfoLogger [restartedMain] Started DemoApplication in 2.123 seconds (process running for 2.303)
2025-03-23 11:20:29,457 INFO o.a.j.l.DirectJDKLog [http-nio-8080-exec-1] Initializing Spring DispatcherServlet 'dispatcherServlet'
2025-03-23 11:20:29,458 INFO o.s.w.s.FrameworkServlet [http-nio-8080-exec-1] Initializing Servlet 'dispatcherServlet'
2025-03-23 11:20:29,459 INFO o.s.w.s.FrameworkServlet [http-nio-8080-exec-1] Completed initialization in 1 ms
2025-03-26 19:02:58,297 INFO o.h.v.i.u.Version [background-preinit] HV000001: Hibernate Validator 8.0.1.Final
2025-03-26 19:02:58,334 INFO o.s.b.StartupInfoLogger [restartedMain] Starting DemoApplication using Java 21.0.1 with PID 46441 (/Users/bryanpisciotti/Game-Tracker/Game Tracker/demo/target/classes started by bryanpisciotti in /Users/bryanpisciotti/Game-Tracker/Game Tracker/demo)
2025-03-26 19:02:58,334 DEBUG o.s.b.StartupInfoLogger [restartedMain] Running with Spring Boot v3.4.3, Spring v6.2.3
2025-03-26 19:02:58,334 INFO o.s.b.SpringApplication [restartedMain] No active profile set, falling back to 1 default profile: "default"
2025-03-26 19:02:58,360 INFO o.s.b.l.DeferredLog [restartedMain] Devtools property defaults active! Set 'spring.devtools.add-properties' to 'false' to disable
2025-03-26 19:02:58,361 INFO o.s.b.l.DeferredLog [restartedMain] For additional web related logging consider setting the 'logging.level.web' property to 'DEBUG'
2025-03-26 19:02:58,636 INFO o.s.d.r.c.RepositoryConfigurationDelegate [restartedMain] Bootstrapping Spring Data JPA repositories in DEFAULT mode.
2025-03-26 19:02:58,662 INFO o.s.d.r.c.RepositoryConfigurationDelegate [restartedMain] Finished Spring Data repository scanning in 20 ms. Found 2 JPA repository interfaces.
2025-03-26 19:02:59,089 INFO o.s.b.w.e.t.TomcatWebServer [restartedMain] Tomcat initialized with port 8080 (http)
2025-03-26 19:02:59,097 INFO o.a.j.l.DirectJDKLog [restartedMain] Initializing ProtocolHandler ["http-nio-8080"]
2025-03-26 19:02:59,099 INFO o.a.j.l.DirectJDKLog [restartedMain] Starting service [Tomcat]
2025-03-26 19:02:59,099 INFO o.a.j.l.DirectJDKLog [restartedMain] Starting Servlet engine: [Apache Tomcat/10.1.36]
2025-03-26 19:02:59,125 INFO o.a.j.l.DirectJDKLog [restartedMain] Initializing Spring embedded WebApplicationContext
2025-03-26 19:02:59,125 INFO o.s.b.w.s.c.ServletWebServerApplicationContext [restartedMain] Root WebApplicationContext: initialization completed in 764 ms
2025-03-26 19:02:59,207 INFO o.h.j.i.u.LogHelper [restartedMain] HHH000204: Processing PersistenceUnitInfo [name: default]
2025-03-26 19:02:59,237 INFO o.h.Version [restartedMain] HHH000412: Hibernate ORM core version 6.6.8.Final
2025-03-26 19:02:59,253 INFO o.h.c.i.RegionFactoryInitiator [restartedMain] HHH000026: Second-level cache disabled
2025-03-26 19:02:59,383 INFO o.s.o.j.p.SpringPersistenceUnitInfo [restartedMain] No LoadTimeWeaver setup: ignoring JPA class transformer
2025-03-26 19:02:59,401 INFO c.z.h.HikariDataSource [restartedMain] HikariPool-1 - Starting...
2025-03-26 19:02:59,505 INFO c.z.h.p.HikariPool [restartedMain] HikariPool-1 - Added connection conn0: url=jdbc:h2:mem:testdb user=SA
2025-03-26 19:02:59,506 INFO c.z.h.HikariDataSource [restartedMain] HikariPool-1 - Start completed.
2025-03-26 19:02:59,522 WARN o.h.e.j.d.i.DialectFactoryImpl [restartedMain] HHH90000025: H2Dialect does not need to be specified explicitly using 'hibernate.dialect' (remove the property setting and it will be selected by default)
2025-03-26 19:02:59,532 INFO o.h.e.j.e.i.JdbcEnvironmentInitiator [restartedMain] HHH10001005: Database info:
	Database JDBC URL [Connecting through datasource 'HikariDataSource (HikariPool-1)']
	Database driver: undefined/unknown
	Database version: 2.3.232
	Autocommit mode: undefined/unknown
	Isolation level: undefined/unknown
	Minimum pool size: undefined/unknown
	Maximum pool size: undefined/unknown
2025-03-26 19:02:59,966 INFO o.h.e.t.j.p.i.JtaPlatformInitiator [restartedMain] HHH000489: No JTA platform available (set 'hibernate.transaction.jta.platform' to enable JTA platform integration)
2025-03-26 19:02:59,996 INFO o.s.o.j.AbstractEntityManagerFactoryBean [restartedMain] Initialized JPA EntityManagerFactory for persistence unit 'default'
2025-03-26 19:03:00,224 WARN o.s.b.a.o.j.JpaBaseConfiguration$JpaWebConfiguration [restartedMain] spring.jpa.open-in-view is enabled by default. Therefore, database queries may be performed during view rendering. Explicitly configure spring.jpa.open-in-view to disable this warning
2025-03-26 19:03:00,249 INFO o.s.s.c.a.a.c.InitializeAuthenticationProviderBeanManagerConfigurer$InitializeAuthenticationProviderManagerConfigurer [restartedMain] Global AuthenticationManager configured with AuthenticationProvider bean with name authenticationProvider
2025-03-26 19:03:00,249 WARN o.s.s.c.a.a.c.InitializeUserDetailsBeanManagerConfigurer$InitializeUserDetailsManagerConfigurer [restartedMain] Global AuthenticationManager configured with an AuthenticationProvider bean. UserDetailsService beans will not be used by Spring Security for automatically configuring username/password login. Consider removing the AuthenticationProvider bean. Alternatively, consider using the UserDetailsService in a manually instantiated DaoAuthenticationProvider. If the current configuration is intentional, to turn off this warning, increase the logging level of 'org.springframework.security.config.annotation.authentication.configuration.InitializeUserDetailsBeanManagerConfigurer' to ERROR
2025-03-26 19:03:00,497 INFO o.s.b.a.h.H2ConsoleAutoConfiguration$H2ConsoleLogger [restartedMain] H2 console available at '/h2-console'. Database available at 'jdbc:h2:mem:testdb'
2025-03-26 19:03:00,550 INFO o.s.b.d.a.OptionalLiveReloadServer [restartedMain] LiveReload server is running on port 35729
2025-03-26 19:03:00,561 INFO o.a.j.l.DirectJDKLog [restartedMain] Starting ProtocolHandler ["http-nio-8080"]
2025-03-26 19:03:00,570 INFO o.s.b.w.e.t.TomcatWebServer [restartedMain] Tomcat started on port 8080 (http) with context path '/'
2025-03-26 19:03:00,576 INFO o.s.b.StartupInfoLogger [restartedMain] Started DemoApplication in 2.488 seconds (process running for 2.722)
2025-03-26 19:04:07,650 INFO o.a.j.l.DirectJDKLog [http-nio-8080-exec-1] Initializing Spring DispatcherServlet 'dispatcherServlet'
2025-03-26 19:04:07,650 INFO o.s.w.s.FrameworkServlet [http-nio-8080-exec-1] Initializing Servlet 'dispatcherServlet'
2025-03-26 19:04:07,651 INFO o.s.w.s.FrameworkServlet [http-nio-8080-exec-1] Completed initialization in 1 ms
2025-03-26 19:11:39,798 WARN c.z.h.p.HikariPool$HouseKeeper [HikariPool-1 housekeeper] HikariPool-1 - Thread starvation or clock leap detected (housekeeper delta=1m2s675ms).
2025-03-26 19:12:32,072 WARN c.z.h.p.HikariPool$HouseKeeper [HikariPool-1 housekeeper] HikariPool-1 - Thread starvation or clock leap detected (housekeeper delta=52s274ms).
2025-03-26 19:15:33,363 WARN c.z.h.p.HikariPool$HouseKeeper [HikariPool-1 housekeeper] HikariPool-1 - Thread starvation or clock leap detected (housekeeper delta=1m9s917ms).
2025-03-26 19:19:04,731 WARN c.z.h.p.HikariPool$HouseKeeper [HikariPool-1 housekeeper] HikariPool-1 - Thread starvation or clock leap detected (housekeeper delta=2m49s53ms).
2025-03-26 19:21:58,861 WARN c.z.h.p.HikariPool$HouseKeeper [HikariPool-1 housekeeper] HikariPool-1 - Thread starvation or clock leap detected (housekeeper delta=1m54s109ms).
2025-03-26 19:31:25,447 WARN c.z.h.p.HikariPool$HouseKeeper [HikariPool-1 housekeeper] HikariPool-1 - Thread starvation or clock leap detected (housekeeper delta=8m56s578ms).
2025-03-26 19:46:55,165 WARN c.z.h.p.HikariPool$HouseKeeper [HikariPool-1 housekeeper] HikariPool-1 - Thread starvation or clock leap detected (housekeeper delta=15m29s718ms).
2025-03-26 19:54:24,631 WARN c.z.h.p.HikariPool$HouseKeeper [HikariPool-1 housekeeper] HikariPool-1 - Thread starvation or clock leap detected (housekeeper delta=7m29s466ms).
2025-03-26 20:09:49,289 WARN c.z.h.p.HikariPool$HouseKeeper [HikariPool-1 housekeeper] HikariPool-1 - Thread starvation or clock leap detected (housekeeper delta=13m54s641ms).
2025-03-26 20:12:00,582 WARN c.z.h.p.HikariPool$HouseKeeper [HikariPool-1 housekeeper] HikariPool-1 - Thread starvation or clock leap detected (housekeeper delta=2m11s293ms).
2025-03-26 20:16:09,754 WARN c.z.h.p.HikariPool$HouseKeeper [HikariPool-1 housekeeper] HikariPool-1 - Thread starvation or clock leap detected (housekeeper delta=4m9s172ms).
2025-03-26 20:20:49,577 WARN c.z.h.p.HikariPool$HouseKeeper [HikariPool-1 housekeeper] HikariPool-1 - Thread starvation or clock leap detected (housekeeper delta=4m39s822ms).
2025-03-26 20:48:02,273 WARN c.z.h.p.HikariPool$HouseKeeper [HikariPool-1 housekeeper] HikariPool-1 - Thread starvation or clock leap detected (housekeeper delta=27m12s697ms).
2025-03-26 20:54:39,232 WARN c.z.h.p.HikariPool$HouseKeeper [HikariPool-1 housekeeper] HikariPool-1 - Thread starvation or clock leap detected (housekeeper delta=6m36s959ms).
2025-03-26 20:58:15,426 WARN c.z.h.p.HikariPool$HouseKeeper [HikariPool-1 housekeeper] HikariPool-1 - Thread starvation or clock leap detected (housekeeper delta=3m36s194ms).
2025-03-26 21:05:56,663 WARN c.z.h.p.HikariPool$HouseKeeper [HikariPool-1 housekeeper] HikariPool-1 - Thread starvation or clock leap detected (housekeeper delta=7m41s237ms).
2025-03-26 21:33:24,227 WARN c.z.h.p.HikariPool$HouseKeeper [HikariPool-1 housekeeper] HikariPool-1 - Thread starvation or clock leap detected (housekeeper delta=27m27s564ms).
2025-03-26 21:50:11,899 WARN c.z.h.p.HikariPool$HouseKeeper [HikariPool-1 housekeeper] HikariPool-1 - Thread starvation or clock leap detected (housekeeper delta=16m47s671ms).
2025-03-26 22:18:12,880 WARN c.z.h.p.HikariPool$HouseKeeper [HikariPool-1 housekeeper] HikariPool-1 - Thread starvation or clock leap detected (housekeeper delta=28m982ms).
2025-03-26 22:50:00,709 WARN c.z.h.p.HikariPool$HouseKeeper [HikariPool-1 housekeeper] HikariPool-1 - Thread starvation or clock leap detected (housekeeper delta=31m47s829ms).
2025-03-26 23:24:01,716 WARN c.z.h.p.HikariPool$HouseKeeper [HikariPool-1 housekeeper] HikariPool-1 - Thread starvation or clock leap detected (housekeeper delta=34m1s7ms).
2025-03-26 23:31:40,021 WARN c.z.h.p.HikariPool$HouseKeeper [HikariPool-1 housekeeper] HikariPool-1 - Thread starvation or clock leap detected (housekeeper delta=7m38s305ms).
2025-03-26 23:59:22,988 WARN c.z.h.p.HikariPool$HouseKeeper [HikariPool-1 housekeeper] HikariPool-1 - Thread starvation or clock leap detected (housekeeper delta=27m42s967ms).
